avr. 19, 2016 5:35:10 PM org.apache.catalina.core.AprLifecycleListener init
INFOS: The APR based Apache Tomcat Native library which allows optimal performance in production environments was not found on the java.library.path: /opt/oracle/instantclient_11_2:/usr/java/packages/lib/amd64:/usr/lib64:/lib64:/lib:/usr/lib
avr. 19, 2016 5:35:10 PM org.apache.coyote.AbstractProtocol init
INFOS: Initializing ProtocolHandler ["http-bio-8080"]
avr. 19, 2016 5:35:10 PM org.apache.coyote.AbstractProtocol init
INFOS: Initializing ProtocolHandler ["ajp-bio-8009"]
avr. 19, 2016 5:35:11 PM org.apache.openejb.util.OptionsLog info
INFOS: Using 'openejb.jdbc.datasource-creator=org.apache.tomee.jdbc.TomEEDataSourceCreator'
avr. 19, 2016 5:35:12 PM org.apache.openejb.OpenEJB$Instance <init>
INFOS: ********************************************************************************
avr. 19, 2016 5:35:12 PM org.apache.openejb.OpenEJB$Instance <init>
INFOS: OpenEJB http://openejb.apache.org/
avr. 19, 2016 5:35:12 PM org.apache.openejb.OpenEJB$Instance <init>
INFOS: Startup: Tue Apr 19 17:35:12 CEST 2016
avr. 19, 2016 5:35:12 PM org.apache.openejb.OpenEJB$Instance <init>
INFOS: Copyright 1999-2013 (C) Apache OpenEJB Project, All Rights Reserved.
avr. 19, 2016 5:35:12 PM org.apache.openejb.OpenEJB$Instance <init>
INFOS: Version: 4.7.1
avr. 19, 2016 5:35:12 PM org.apache.openejb.OpenEJB$Instance <init>
INFOS: Build date: 20140912
avr. 19, 2016 5:35:12 PM org.apache.openejb.OpenEJB$Instance <init>
INFOS: Build time: 01:43
avr. 19, 2016 5:35:12 PM org.apache.openejb.OpenEJB$Instance <init>
INFOS: ********************************************************************************
avr. 19, 2016 5:35:12 PM org.apache.openejb.OpenEJB$Instance <init>
INFOS: openejb.home = /home/m1/durand/Documents/CAR/tp4/apache-tomee
avr. 19, 2016 5:35:12 PM org.apache.openejb.OpenEJB$Instance <init>
INFOS: openejb.base = /home/m1/durand/Documents/CAR/tp4/apache-tomee
avr. 19, 2016 5:35:12 PM org.apache.openejb.cdi.CdiBuilder initializeOWB
INFOS: Created new singletonService org.apache.openejb.cdi.ThreadSingletonServiceImpl@60438a68
avr. 19, 2016 5:35:12 PM org.apache.openejb.cdi.CdiBuilder initializeOWB
INFOS: Succeeded in installing singleton service
avr. 19, 2016 5:35:12 PM org.apache.openejb.config.ConfigurationFactory init
INFOS: openejb configuration file is '/home/m1/durand/Documents/CAR/tp4/apache-tomee/conf/tomee.xml'
avr. 19, 2016 5:35:12 PM org.apache.openejb.config.ConfigurationFactory configureService
INFOS: Configuring Service(id=Tomcat Security Service, type=SecurityService, provider-id=Tomcat Security Service)
avr. 19, 2016 5:35:12 PM org.apache.openejb.config.ConfigurationFactory configureService
INFOS: Configuring Service(id=Default Transaction Manager, type=TransactionManager, provider-id=Default Transaction Manager)
avr. 19, 2016 5:35:12 PM org.apache.openejb.util.OptionsLog info
INFOS: Using 'openejb.system.apps=true'
avr. 19, 2016 5:35:12 PM org.apache.openejb.config.ConfigurationFactory configureApplication
INFOS: Configuring enterprise application: openejb
avr. 19, 2016 5:35:12 PM org.apache.openejb.config.InitEjbDeployments deploy
INFOS: Using openejb.deploymentId.format '{ejbName}'
avr. 19, 2016 5:35:12 PM org.apache.openejb.config.InitEjbDeployments deploy
INFOS: Auto-deploying ejb openejb/Deployer: EjbDeployment(deployment-id=openejb/Deployer)
avr. 19, 2016 5:35:12 PM org.apache.openejb.config.InitEjbDeployments deploy
INFOS: Auto-deploying ejb openejb/ConfigurationInfo: EjbDeployment(deployment-id=openejb/ConfigurationInfo)
avr. 19, 2016 5:35:12 PM org.apache.openejb.config.InitEjbDeployments deploy
INFOS: Auto-deploying ejb MEJB: EjbDeployment(deployment-id=MEJB)
avr. 19, 2016 5:35:12 PM org.apache.openejb.config.ConfigurationFactory configureService
INFOS: Configuring Service(id=Default Stateless Container, type=Container, provider-id=Default Stateless Container)
avr. 19, 2016 5:35:12 PM org.apache.openejb.config.AutoConfig createContainer
INFOS: Auto-creating a container for bean openejb/Deployer: Container(type=STATELESS, id=Default Stateless Container)
avr. 19, 2016 5:35:12 PM org.apache.openejb.config.AppInfoBuilder build
INFOS: Enterprise application "openejb" loaded.
avr. 19, 2016 5:35:12 PM org.apache.openejb.assembler.classic.Assembler createRecipe
INFOS: Creating TransactionManager(id=Default Transaction Manager)
avr. 19, 2016 5:35:12 PM org.apache.openejb.assembler.classic.Assembler createRecipe
INFOS: Creating SecurityService(id=Tomcat Security Service)
avr. 19, 2016 5:35:12 PM org.apache.openejb.assembler.classic.Assembler createRecipe
INFOS: Creating Container(id=Default Stateless Container)
avr. 19, 2016 5:35:12 PM org.apache.openejb.assembler.classic.Assembler createApplication
INFOS: Assembling app: openejb
avr. 19, 2016 5:35:12 PM org.apache.openejb.util.OptionsLog info
INFOS: Using 'openejb.jndiname.format={deploymentId}{interfaceType.openejbLegacyName}'
avr. 19, 2016 5:35:12 PM org.apache.openejb.assembler.classic.JndiBuilder bind
INFOS: Jndi(name=openejb/DeployerBusinessRemote) --> Ejb(deployment-id=openejb/Deployer)
avr. 19, 2016 5:35:12 PM org.apache.openejb.assembler.classic.JndiBuilder bind
INFOS: Jndi(name=global/openejb/openejb/Deployer!org.apache.openejb.assembler.Deployer) --> Ejb(deployment-id=openejb/Deployer)
avr. 19, 2016 5:35:12 PM org.apache.openejb.assembler.classic.JndiBuilder bind
INFOS: Jndi(name=global/openejb/openejb/Deployer) --> Ejb(deployment-id=openejb/Deployer)
avr. 19, 2016 5:35:12 PM org.apache.openejb.assembler.classic.JndiBuilder bind
INFOS: Jndi(name=openejb/ConfigurationInfoBusinessRemote) --> Ejb(deployment-id=openejb/ConfigurationInfo)
avr. 19, 2016 5:35:12 PM org.apache.openejb.assembler.classic.JndiBuilder bind
INFOS: Jndi(name=global/openejb/openejb/ConfigurationInfo!org.apache.openejb.assembler.classic.cmd.ConfigurationInfo) --> Ejb(deployment-id=openejb/ConfigurationInfo)
avr. 19, 2016 5:35:12 PM org.apache.openejb.assembler.classic.JndiBuilder bind
INFOS: Jndi(name=global/openejb/openejb/ConfigurationInfo) --> Ejb(deployment-id=openejb/ConfigurationInfo)
avr. 19, 2016 5:35:12 PM org.apache.openejb.assembler.classic.JndiBuilder bind
INFOS: Jndi(name=MEJB) --> Ejb(deployment-id=MEJB)
avr. 19, 2016 5:35:12 PM org.apache.openejb.assembler.classic.JndiBuilder bind
INFOS: Jndi(name=global/openejb/MEJB!javax.management.j2ee.ManagementHome) --> Ejb(deployment-id=MEJB)
avr. 19, 2016 5:35:12 PM org.apache.openejb.assembler.classic.JndiBuilder bind
INFOS: Jndi(name=global/openejb/MEJB) --> Ejb(deployment-id=MEJB)
avr. 19, 2016 5:35:12 PM org.apache.openejb.assembler.classic.Assembler startEjbs
INFOS: Created Ejb(deployment-id=MEJB, ejb-name=MEJB, container=Default Stateless Container)
avr. 19, 2016 5:35:12 PM org.apache.openejb.assembler.classic.Assembler startEjbs
INFOS: Created Ejb(deployment-id=openejb/ConfigurationInfo, ejb-name=openejb/ConfigurationInfo, container=Default Stateless Container)
avr. 19, 2016 5:35:12 PM org.apache.openejb.assembler.classic.Assembler startEjbs
INFOS: Created Ejb(deployment-id=openejb/Deployer, ejb-name=openejb/Deployer, container=Default Stateless Container)
avr. 19, 2016 5:35:12 PM org.apache.openejb.assembler.classic.Assembler startEjbs
INFOS: Started Ejb(deployment-id=MEJB, ejb-name=MEJB, container=Default Stateless Container)
avr. 19, 2016 5:35:12 PM org.apache.openejb.assembler.classic.Assembler startEjbs
INFOS: Started Ejb(deployment-id=openejb/ConfigurationInfo, ejb-name=openejb/ConfigurationInfo, container=Default Stateless Container)
avr. 19, 2016 5:35:12 PM org.apache.openejb.assembler.classic.Assembler startEjbs
INFOS: Started Ejb(deployment-id=openejb/Deployer, ejb-name=openejb/Deployer, container=Default Stateless Container)
avr. 19, 2016 5:35:12 PM org.apache.openejb.assembler.classic.Assembler deployMBean
INFOS: Deployed MBean(openejb.user.mbeans:application=openejb,group=org.apache.openejb.assembler.monitoring,name=JMXDeployer)
avr. 19, 2016 5:35:12 PM org.apache.openejb.assembler.classic.Assembler createApplication
INFOS: Deployed Application(path=openejb)
avr. 19, 2016 5:35:12 PM org.apache.openejb.server.SimpleServiceManager start
INFOS:   ** Bound Services **
avr. 19, 2016 5:35:12 PM org.apache.openejb.server.SimpleServiceManager printRow
INFOS:   NAME                 IP              PORT  
avr. 19, 2016 5:35:12 PM org.apache.openejb.server.SimpleServiceManager start
INFOS: -------
avr. 19, 2016 5:35:12 PM org.apache.openejb.server.SimpleServiceManager start
INFOS: Ready!
avr. 19, 2016 5:35:12 PM org.apache.catalina.startup.Catalina load
INFOS: Initialization processed in 2611 ms
avr. 19, 2016 5:35:12 PM org.apache.tomee.catalina.OpenEJBNamingContextListener bindResource
INFOS: Importing a Tomcat Resource with id 'UserDatabase' of type 'org.apache.catalina.UserDatabase'.
avr. 19, 2016 5:35:12 PM org.apache.openejb.assembler.classic.Assembler createRecipe
INFOS: Creating Resource(id=UserDatabase)
avr. 19, 2016 5:35:12 PM org.apache.catalina.core.StandardService startInternal
INFOS: Démarrage du service Catalina
avr. 19, 2016 5:35:12 PM org.apache.catalina.core.StandardEngine startInternal
INFOS: Starting Servlet Engine: Apache Tomcat (TomEE)/7.0.55 (1.7.1)
avr. 19, 2016 5:35:12 PM org.apache.catalina.startup.HostConfig deployWAR
INFOS: Déploiement de l'archive /home/m1/durand/Documents/CAR/tp4/apache-tomee/webapps/ROOT.war de l'application web
avr. 19, 2016 5:35:12 PM org.apache.tomee.catalina.TomcatWebAppBuilder init
INFOS: ------------------------- localhost -> /
avr. 19, 2016 5:35:12 PM org.apache.openejb.config.ConfigurationFactory configureApplication
INFOS: Configuring enterprise application: /home/m1/durand/Documents/CAR/tp4/apache-tomee/webapps/ROOT
avr. 19, 2016 5:35:13 PM org.apache.openejb.config.AutoConfig deploy
INFOS: Configuring PersistenceUnit(name=book-pu)
avr. 19, 2016 5:35:13 PM org.apache.openejb.config.ConfigurationFactory configureService
INFOS: Configuring Service(id=Default JDBC Database, type=Resource, provider-id=Default JDBC Database)
avr. 19, 2016 5:35:13 PM org.apache.openejb.config.AutoConfig logAutoCreateResource
INFOS: Auto-creating a Resource with id 'Default JDBC Database' of type 'DataSource for 'book-pu'.
avr. 19, 2016 5:35:13 PM org.apache.openejb.assembler.classic.Assembler createRecipe
INFOS: Creating Resource(id=Default JDBC Database)
avr. 19, 2016 5:35:13 PM org.apache.tomee.jdbc.TomEEDataSourceCreator$TomEEDataSource readOnly
INFOS: Disabling testOnBorrow since no validation query is provided
avr. 19, 2016 5:35:13 PM org.apache.openejb.config.ConfigurationFactory configureService
INFOS: Configuring Service(id=Default Unmanaged JDBC Database, type=Resource, provider-id=Default Unmanaged JDBC Database)
avr. 19, 2016 5:35:13 PM org.apache.openejb.config.AutoConfig logAutoCreateResource
INFOS: Auto-creating a Resource with id 'Default Unmanaged JDBC Database' of type 'DataSource for 'book-pu'.
avr. 19, 2016 5:35:13 PM org.apache.openejb.assembler.classic.Assembler createRecipe
INFOS: Creating Resource(id=Default Unmanaged JDBC Database)
avr. 19, 2016 5:35:13 PM org.apache.tomee.jdbc.TomEEDataSourceCreator$TomEEDataSource readOnly
INFOS: Disabling testOnBorrow since no validation query is provided
avr. 19, 2016 5:35:13 PM org.apache.openejb.config.AutoConfig setJtaDataSource
INFOS: Adjusting PersistenceUnit book-pu <jta-data-source> to Resource ID 'Default JDBC Database' from 'bookDatabase'
avr. 19, 2016 5:35:13 PM org.apache.openejb.config.AutoConfig setNonJtaDataSource
INFOS: Adjusting PersistenceUnit book-pu <non-jta-data-source> to Resource ID 'Default Unmanaged JDBC Database' from 'null'
avr. 19, 2016 5:35:13 PM org.apache.openejb.config.AppInfoBuilder build
INFOS: Enterprise application "/home/m1/durand/Documents/CAR/tp4/apache-tomee/webapps/ROOT" loaded.
avr. 19, 2016 5:35:13 PM org.apache.openejb.assembler.classic.Assembler createApplication
INFOS: Assembling app: /home/m1/durand/Documents/CAR/tp4/apache-tomee/webapps/ROOT
avr. 19, 2016 5:35:13 PM null
INFOS: OpenJPA dynamically loaded a validation provider.
avr. 19, 2016 5:35:13 PM org.apache.openejb.assembler.classic.ReloadableEntityManagerFactory createDelegate
INFOS: PersistenceUnit(name=book-pu, provider=org.apache.openjpa.persistence.PersistenceProviderImpl) - provider time 507ms
avr. 19, 2016 5:35:13 PM org.apache.openejb.cdi.CdiBuilder initSingleton
INFOS: Existing thread singleton service in SystemInstance(): org.apache.openejb.cdi.ThreadSingletonServiceImpl@60438a68
avr. 19, 2016 5:35:13 PM org.apache.openejb.cdi.OpenEJBLifecycle startApplication
INFOS: OpenWebBeans Container is starting...
avr. 19, 2016 5:35:13 PM org.apache.webbeans.plugins.PluginLoader startUp
INFOS: Adding OpenWebBeansPlugin : [CdiPlugin]
avr. 19, 2016 5:35:13 PM org.apache.webbeans.plugins.PluginLoader startUp
INFOS: Adding OpenWebBeansPlugin : [OpenWebBeansJsfPlugin]
avr. 19, 2016 5:35:13 PM org.apache.webbeans.config.BeansDeployer validateInjectionPoints
INFOS: All injection points were validated successfully.
avr. 19, 2016 5:35:13 PM org.apache.openejb.cdi.OpenEJBLifecycle startApplication
INFOS: OpenWebBeans Container has started, it took 45 ms.
avr. 19, 2016 5:35:13 PM org.apache.openejb.assembler.classic.Assembler createApplication
INFOS: Deployed Application(path=/home/m1/durand/Documents/CAR/tp4/apache-tomee/webapps/ROOT)
avr. 19, 2016 5:35:14 PM org.apache.catalina.startup.HostConfig deployWAR
INFOS: Deployment of web application archive /home/m1/durand/Documents/CAR/tp4/apache-tomee/webapps/ROOT.war has finished in 1 347 ms
avr. 19, 2016 5:35:14 PM org.apache.coyote.AbstractProtocol start
INFOS: Starting ProtocolHandler ["http-bio-8080"]
avr. 19, 2016 5:35:14 PM org.apache.coyote.AbstractProtocol start
INFOS: Starting ProtocolHandler ["ajp-bio-8009"]
avr. 19, 2016 5:35:14 PM org.apache.catalina.startup.Catalina start
INFOS: Server startup in 1411 ms
avr. 19, 2016 5:44:40 PM org.apache.coyote.AbstractProtocol pause
INFOS: Pausing ProtocolHandler ["http-bio-8080"]
avr. 19, 2016 5:44:41 PM org.apache.coyote.AbstractProtocol pause
INFOS: Pausing ProtocolHandler ["ajp-bio-8009"]
avr. 19, 2016 5:44:41 PM org.apache.catalina.core.StandardService stopInternal
INFOS: Arrêt du service Catalina
avr. 19, 2016 5:44:41 PM org.apache.openejb.assembler.classic.Assembler destroyApplication
INFOS: Undeploying app: /home/m1/durand/Documents/CAR/tp4/apache-tomee/webapps/ROOT
avr. 19, 2016 5:44:41 PM org.apache.coyote.AbstractProtocol stop
INFOS: Stopping ProtocolHandler ["http-bio-8080"]
avr. 19, 2016 5:44:41 PM org.apache.coyote.AbstractProtocol stop
INFOS: Stopping ProtocolHandler ["ajp-bio-8009"]
avr. 19, 2016 5:44:41 PM org.apache.openejb.server.SimpleServiceManager stop
INFOS: Stopping server services
avr. 19, 2016 5:44:41 PM org.apache.openejb.assembler.classic.Assembler destroyApplication
INFOS: Undeploying app: openejb
avr. 19, 2016 5:44:41 PM org.apache.openejb.assembler.classic.Assembler destroyResource
INFOS: Closing DataSource: Default JDBC Database
avr. 19, 2016 5:44:41 PM org.apache.openejb.assembler.classic.Assembler destroyResource
INFOS: Closing DataSource: Default Unmanaged JDBC Database
avr. 19, 2016 5:44:41 PM org.apache.coyote.AbstractProtocol destroy
INFOS: Destroying ProtocolHandler ["http-bio-8080"]
avr. 19, 2016 5:44:41 PM org.apache.coyote.AbstractProtocol destroy
INFOS: Destroying ProtocolHandler ["ajp-bio-8009"]
avr. 19, 2016 5:44:47 PM org.apache.catalina.core.AprLifecycleListener init
INFOS: The APR based Apache Tomcat Native library which allows optimal performance in production environments was not found on the java.library.path: /opt/oracle/instantclient_11_2:/usr/java/packages/lib/amd64:/usr/lib64:/lib64:/lib:/usr/lib
avr. 19, 2016 5:44:47 PM org.apache.coyote.AbstractProtocol init
INFOS: Initializing ProtocolHandler ["http-bio-8080"]
avr. 19, 2016 5:44:47 PM org.apache.coyote.AbstractProtocol init
INFOS: Initializing ProtocolHandler ["ajp-bio-8009"]
avr. 19, 2016 5:44:48 PM org.apache.openejb.util.OptionsLog info
INFOS: Using 'openejb.jdbc.datasource-creator=org.apache.tomee.jdbc.TomEEDataSourceCreator'
avr. 19, 2016 5:44:48 PM org.apache.openejb.OpenEJB$Instance <init>
INFOS: ********************************************************************************
avr. 19, 2016 5:44:48 PM org.apache.openejb.OpenEJB$Instance <init>
INFOS: OpenEJB http://openejb.apache.org/
avr. 19, 2016 5:44:48 PM org.apache.openejb.OpenEJB$Instance <init>
INFOS: Startup: Tue Apr 19 17:44:48 CEST 2016
avr. 19, 2016 5:44:48 PM org.apache.openejb.OpenEJB$Instance <init>
INFOS: Copyright 1999-2013 (C) Apache OpenEJB Project, All Rights Reserved.
avr. 19, 2016 5:44:48 PM org.apache.openejb.OpenEJB$Instance <init>
INFOS: Version: 4.7.1
avr. 19, 2016 5:44:48 PM org.apache.openejb.OpenEJB$Instance <init>
INFOS: Build date: 20140912
avr. 19, 2016 5:44:48 PM org.apache.openejb.OpenEJB$Instance <init>
INFOS: Build time: 01:43
avr. 19, 2016 5:44:48 PM org.apache.openejb.OpenEJB$Instance <init>
INFOS: ********************************************************************************
avr. 19, 2016 5:44:48 PM org.apache.openejb.OpenEJB$Instance <init>
INFOS: openejb.home = /home/m1/durand/Documents/CAR/tp4/apache-tomee
avr. 19, 2016 5:44:48 PM org.apache.openejb.OpenEJB$Instance <init>
INFOS: openejb.base = /home/m1/durand/Documents/CAR/tp4/apache-tomee
avr. 19, 2016 5:44:48 PM org.apache.openejb.cdi.CdiBuilder initializeOWB
INFOS: Created new singletonService org.apache.openejb.cdi.ThreadSingletonServiceImpl@60438a68
avr. 19, 2016 5:44:48 PM org.apache.openejb.cdi.CdiBuilder initializeOWB
INFOS: Succeeded in installing singleton service
avr. 19, 2016 5:44:48 PM org.apache.openejb.config.ConfigurationFactory init
INFOS: openejb configuration file is '/home/m1/durand/Documents/CAR/tp4/apache-tomee/conf/tomee.xml'
avr. 19, 2016 5:44:48 PM org.apache.openejb.config.ConfigurationFactory configureService
INFOS: Configuring Service(id=Tomcat Security Service, type=SecurityService, provider-id=Tomcat Security Service)
avr. 19, 2016 5:44:48 PM org.apache.openejb.config.ConfigurationFactory configureService
INFOS: Configuring Service(id=Default Transaction Manager, type=TransactionManager, provider-id=Default Transaction Manager)
avr. 19, 2016 5:44:48 PM org.apache.openejb.util.OptionsLog info
INFOS: Using 'openejb.system.apps=true'
avr. 19, 2016 5:44:48 PM org.apache.openejb.config.ConfigurationFactory configureApplication
INFOS: Configuring enterprise application: openejb
avr. 19, 2016 5:44:48 PM org.apache.openejb.config.InitEjbDeployments deploy
INFOS: Using openejb.deploymentId.format '{ejbName}'
avr. 19, 2016 5:44:48 PM org.apache.openejb.config.InitEjbDeployments deploy
INFOS: Auto-deploying ejb openejb/Deployer: EjbDeployment(deployment-id=openejb/Deployer)
avr. 19, 2016 5:44:48 PM org.apache.openejb.config.InitEjbDeployments deploy
INFOS: Auto-deploying ejb openejb/ConfigurationInfo: EjbDeployment(deployment-id=openejb/ConfigurationInfo)
avr. 19, 2016 5:44:48 PM org.apache.openejb.config.InitEjbDeployments deploy
INFOS: Auto-deploying ejb MEJB: EjbDeployment(deployment-id=MEJB)
avr. 19, 2016 5:44:48 PM org.apache.openejb.config.ConfigurationFactory configureService
INFOS: Configuring Service(id=Default Stateless Container, type=Container, provider-id=Default Stateless Container)
avr. 19, 2016 5:44:48 PM org.apache.openejb.config.AutoConfig createContainer
INFOS: Auto-creating a container for bean openejb/Deployer: Container(type=STATELESS, id=Default Stateless Container)
avr. 19, 2016 5:44:48 PM org.apache.openejb.config.AppInfoBuilder build
INFOS: Enterprise application "openejb" loaded.
avr. 19, 2016 5:44:48 PM org.apache.openejb.assembler.classic.Assembler createRecipe
INFOS: Creating TransactionManager(id=Default Transaction Manager)
avr. 19, 2016 5:44:48 PM org.apache.openejb.assembler.classic.Assembler createRecipe
INFOS: Creating SecurityService(id=Tomcat Security Service)
avr. 19, 2016 5:44:48 PM org.apache.openejb.assembler.classic.Assembler createRecipe
INFOS: Creating Container(id=Default Stateless Container)
avr. 19, 2016 5:44:48 PM org.apache.openejb.assembler.classic.Assembler createApplication
INFOS: Assembling app: openejb
avr. 19, 2016 5:44:48 PM org.apache.openejb.util.OptionsLog info
INFOS: Using 'openejb.jndiname.format={deploymentId}{interfaceType.openejbLegacyName}'
avr. 19, 2016 5:44:48 PM org.apache.openejb.assembler.classic.JndiBuilder bind
INFOS: Jndi(name=openejb/DeployerBusinessRemote) --> Ejb(deployment-id=openejb/Deployer)
avr. 19, 2016 5:44:48 PM org.apache.openejb.assembler.classic.JndiBuilder bind
INFOS: Jndi(name=global/openejb/openejb/Deployer!org.apache.openejb.assembler.Deployer) --> Ejb(deployment-id=openejb/Deployer)
avr. 19, 2016 5:44:48 PM org.apache.openejb.assembler.classic.JndiBuilder bind
INFOS: Jndi(name=global/openejb/openejb/Deployer) --> Ejb(deployment-id=openejb/Deployer)
avr. 19, 2016 5:44:48 PM org.apache.openejb.assembler.classic.JndiBuilder bind
INFOS: Jndi(name=openejb/ConfigurationInfoBusinessRemote) --> Ejb(deployment-id=openejb/ConfigurationInfo)
avr. 19, 2016 5:44:48 PM org.apache.openejb.assembler.classic.JndiBuilder bind
INFOS: Jndi(name=global/openejb/openejb/ConfigurationInfo!org.apache.openejb.assembler.classic.cmd.ConfigurationInfo) --> Ejb(deployment-id=openejb/ConfigurationInfo)
avr. 19, 2016 5:44:48 PM org.apache.openejb.assembler.classic.JndiBuilder bind
INFOS: Jndi(name=global/openejb/openejb/ConfigurationInfo) --> Ejb(deployment-id=openejb/ConfigurationInfo)
avr. 19, 2016 5:44:48 PM org.apache.openejb.assembler.classic.JndiBuilder bind
INFOS: Jndi(name=MEJB) --> Ejb(deployment-id=MEJB)
avr. 19, 2016 5:44:48 PM org.apache.openejb.assembler.classic.JndiBuilder bind
INFOS: Jndi(name=global/openejb/MEJB!javax.management.j2ee.ManagementHome) --> Ejb(deployment-id=MEJB)
avr. 19, 2016 5:44:48 PM org.apache.openejb.assembler.classic.JndiBuilder bind
INFOS: Jndi(name=global/openejb/MEJB) --> Ejb(deployment-id=MEJB)
avr. 19, 2016 5:44:48 PM org.apache.openejb.assembler.classic.Assembler startEjbs
INFOS: Created Ejb(deployment-id=MEJB, ejb-name=MEJB, container=Default Stateless Container)
avr. 19, 2016 5:44:48 PM org.apache.openejb.assembler.classic.Assembler startEjbs
INFOS: Created Ejb(deployment-id=openejb/ConfigurationInfo, ejb-name=openejb/ConfigurationInfo, container=Default Stateless Container)
avr. 19, 2016 5:44:48 PM org.apache.openejb.assembler.classic.Assembler startEjbs
INFOS: Created Ejb(deployment-id=openejb/Deployer, ejb-name=openejb/Deployer, container=Default Stateless Container)
avr. 19, 2016 5:44:48 PM org.apache.openejb.assembler.classic.Assembler startEjbs
INFOS: Started Ejb(deployment-id=MEJB, ejb-name=MEJB, container=Default Stateless Container)
avr. 19, 2016 5:44:48 PM org.apache.openejb.assembler.classic.Assembler startEjbs
INFOS: Started Ejb(deployment-id=openejb/ConfigurationInfo, ejb-name=openejb/ConfigurationInfo, container=Default Stateless Container)
avr. 19, 2016 5:44:48 PM org.apache.openejb.assembler.classic.Assembler startEjbs
INFOS: Started Ejb(deployment-id=openejb/Deployer, ejb-name=openejb/Deployer, container=Default Stateless Container)
avr. 19, 2016 5:44:48 PM org.apache.openejb.assembler.classic.Assembler deployMBean
INFOS: Deployed MBean(openejb.user.mbeans:application=openejb,group=org.apache.openejb.assembler.monitoring,name=JMXDeployer)
avr. 19, 2016 5:44:48 PM org.apache.openejb.assembler.classic.Assembler createApplication
INFOS: Deployed Application(path=openejb)
avr. 19, 2016 5:44:48 PM org.apache.openejb.server.SimpleServiceManager start
INFOS:   ** Bound Services **
avr. 19, 2016 5:44:48 PM org.apache.openejb.server.SimpleServiceManager printRow
INFOS:   NAME                 IP              PORT  
avr. 19, 2016 5:44:48 PM org.apache.openejb.server.SimpleServiceManager start
INFOS: -------
avr. 19, 2016 5:44:48 PM org.apache.openejb.server.SimpleServiceManager start
INFOS: Ready!
avr. 19, 2016 5:44:48 PM org.apache.catalina.startup.Catalina load
INFOS: Initialization processed in 1053 ms
avr. 19, 2016 5:44:48 PM org.apache.tomee.catalina.OpenEJBNamingContextListener bindResource
INFOS: Importing a Tomcat Resource with id 'UserDatabase' of type 'org.apache.catalina.UserDatabase'.
avr. 19, 2016 5:44:48 PM org.apache.openejb.assembler.classic.Assembler createRecipe
INFOS: Creating Resource(id=UserDatabase)
avr. 19, 2016 5:44:48 PM org.apache.catalina.core.StandardService startInternal
INFOS: Démarrage du service Catalina
avr. 19, 2016 5:44:48 PM org.apache.catalina.core.StandardEngine startInternal
INFOS: Starting Servlet Engine: Apache Tomcat (TomEE)/7.0.55 (1.7.1)
avr. 19, 2016 5:44:48 PM org.apache.catalina.startup.HostConfig deployWAR
INFOS: Déploiement de l'archive /home/m1/durand/Documents/CAR/tp4/apache-tomee/webapps/ROOT.war de l'application web
avr. 19, 2016 5:44:48 PM org.apache.tomee.catalina.TomcatWebAppBuilder init
INFOS: ------------------------- localhost -> /
avr. 19, 2016 5:44:48 PM org.apache.openejb.config.ConfigurationFactory configureApplication
INFOS: Configuring enterprise application: /home/m1/durand/Documents/CAR/tp4/apache-tomee/webapps/ROOT
avr. 19, 2016 5:44:48 PM org.apache.openejb.config.AutoConfig deploy
INFOS: Configuring PersistenceUnit(name=book-pu)
avr. 19, 2016 5:44:48 PM org.apache.openejb.config.ConfigurationFactory configureService
INFOS: Configuring Service(id=Default JDBC Database, type=Resource, provider-id=Default JDBC Database)
avr. 19, 2016 5:44:48 PM org.apache.openejb.config.AutoConfig logAutoCreateResource
INFOS: Auto-creating a Resource with id 'Default JDBC Database' of type 'DataSource for 'book-pu'.
avr. 19, 2016 5:44:48 PM org.apache.openejb.assembler.classic.Assembler createRecipe
INFOS: Creating Resource(id=Default JDBC Database)
avr. 19, 2016 5:44:48 PM org.apache.tomee.jdbc.TomEEDataSourceCreator$TomEEDataSource readOnly
INFOS: Disabling testOnBorrow since no validation query is provided
avr. 19, 2016 5:44:48 PM org.apache.openejb.config.ConfigurationFactory configureService
INFOS: Configuring Service(id=Default Unmanaged JDBC Database, type=Resource, provider-id=Default Unmanaged JDBC Database)
avr. 19, 2016 5:44:49 PM org.apache.openejb.config.AutoConfig logAutoCreateResource
INFOS: Auto-creating a Resource with id 'Default Unmanaged JDBC Database' of type 'DataSource for 'book-pu'.
avr. 19, 2016 5:44:49 PM org.apache.openejb.assembler.classic.Assembler createRecipe
INFOS: Creating Resource(id=Default Unmanaged JDBC Database)
avr. 19, 2016 5:44:49 PM org.apache.tomee.jdbc.TomEEDataSourceCreator$TomEEDataSource readOnly
INFOS: Disabling testOnBorrow since no validation query is provided
avr. 19, 2016 5:44:49 PM org.apache.openejb.config.AutoConfig setJtaDataSource
INFOS: Adjusting PersistenceUnit book-pu <jta-data-source> to Resource ID 'Default JDBC Database' from 'bookDatabase'
avr. 19, 2016 5:44:49 PM org.apache.openejb.config.AutoConfig setNonJtaDataSource
INFOS: Adjusting PersistenceUnit book-pu <non-jta-data-source> to Resource ID 'Default Unmanaged JDBC Database' from 'null'
avr. 19, 2016 5:44:49 PM org.apache.openejb.config.AppInfoBuilder build
INFOS: Enterprise application "/home/m1/durand/Documents/CAR/tp4/apache-tomee/webapps/ROOT" loaded.
avr. 19, 2016 5:44:49 PM org.apache.openejb.assembler.classic.Assembler createApplication
INFOS: Assembling app: /home/m1/durand/Documents/CAR/tp4/apache-tomee/webapps/ROOT
avr. 19, 2016 5:44:49 PM null
INFOS: OpenJPA dynamically loaded a validation provider.
avr. 19, 2016 5:44:49 PM org.apache.openejb.assembler.classic.ReloadableEntityManagerFactory createDelegate
INFOS: PersistenceUnit(name=book-pu, provider=org.apache.openjpa.persistence.PersistenceProviderImpl) - provider time 163ms
avr. 19, 2016 5:44:49 PM org.apache.openejb.cdi.CdiBuilder initSingleton
INFOS: Existing thread singleton service in SystemInstance(): org.apache.openejb.cdi.ThreadSingletonServiceImpl@60438a68
avr. 19, 2016 5:44:49 PM org.apache.openejb.cdi.OpenEJBLifecycle startApplication
INFOS: OpenWebBeans Container is starting...
avr. 19, 2016 5:44:49 PM org.apache.webbeans.plugins.PluginLoader startUp
INFOS: Adding OpenWebBeansPlugin : [CdiPlugin]
avr. 19, 2016 5:44:49 PM org.apache.webbeans.plugins.PluginLoader startUp
INFOS: Adding OpenWebBeansPlugin : [OpenWebBeansJsfPlugin]
avr. 19, 2016 5:44:49 PM org.apache.webbeans.config.BeansDeployer validateInjectionPoints
INFOS: All injection points were validated successfully.
avr. 19, 2016 5:44:49 PM org.apache.openejb.cdi.OpenEJBLifecycle startApplication
INFOS: OpenWebBeans Container has started, it took 51 ms.
avr. 19, 2016 5:44:49 PM org.apache.openejb.assembler.classic.Assembler createApplication
INFOS: Deployed Application(path=/home/m1/durand/Documents/CAR/tp4/apache-tomee/webapps/ROOT)
avr. 19, 2016 5:44:49 PM org.apache.catalina.startup.HostConfig deployWAR
INFOS: Deployment of web application archive /home/m1/durand/Documents/CAR/tp4/apache-tomee/webapps/ROOT.war has finished in 662 ms
avr. 19, 2016 5:44:49 PM org.apache.coyote.AbstractProtocol start
INFOS: Starting ProtocolHandler ["http-bio-8080"]
avr. 19, 2016 5:44:49 PM org.apache.coyote.AbstractProtocol start
INFOS: Starting ProtocolHandler ["ajp-bio-8009"]
avr. 19, 2016 5:44:49 PM org.apache.catalina.startup.Catalina start
INFOS: Server startup in 706 ms
avr. 19, 2016 5:44:57 PM org.apache.coyote.AbstractProtocol pause
INFOS: Pausing ProtocolHandler ["http-bio-8080"]
avr. 19, 2016 5:44:57 PM org.apache.coyote.AbstractProtocol pause
INFOS: Pausing ProtocolHandler ["ajp-bio-8009"]
avr. 19, 2016 5:44:57 PM org.apache.catalina.core.StandardService stopInternal
INFOS: Arrêt du service Catalina
avr. 19, 2016 5:44:57 PM org.apache.openejb.assembler.classic.Assembler destroyApplication
INFOS: Undeploying app: /home/m1/durand/Documents/CAR/tp4/apache-tomee/webapps/ROOT
avr. 19, 2016 5:44:57 PM org.apache.coyote.AbstractProtocol stop
INFOS: Stopping ProtocolHandler ["http-bio-8080"]
avr. 19, 2016 5:44:57 PM org.apache.coyote.AbstractProtocol stop
INFOS: Stopping ProtocolHandler ["ajp-bio-8009"]
avr. 19, 2016 5:44:57 PM org.apache.openejb.server.SimpleServiceManager stop
INFOS: Stopping server services
avr. 19, 2016 5:44:57 PM org.apache.openejb.assembler.classic.Assembler destroyApplication
INFOS: Undeploying app: openejb
avr. 19, 2016 5:44:57 PM org.apache.openejb.assembler.classic.Assembler destroyResource
INFOS: Closing DataSource: Default JDBC Database
avr. 19, 2016 5:44:57 PM org.apache.openejb.assembler.classic.Assembler destroyResource
INFOS: Closing DataSource: Default Unmanaged JDBC Database
avr. 19, 2016 5:44:57 PM org.apache.coyote.AbstractProtocol destroy
INFOS: Destroying ProtocolHandler ["http-bio-8080"]
avr. 19, 2016 5:44:57 PM org.apache.coyote.AbstractProtocol destroy
INFOS: Destroying ProtocolHandler ["ajp-bio-8009"]
avr. 19, 2016 5:45:06 PM org.apache.catalina.core.AprLifecycleListener init
INFOS: The APR based Apache Tomcat Native library which allows optimal performance in production environments was not found on the java.library.path: /opt/oracle/instantclient_11_2:/usr/java/packages/lib/amd64:/usr/lib64:/lib64:/lib:/usr/lib
avr. 19, 2016 5:45:06 PM org.apache.coyote.AbstractProtocol init
INFOS: Initializing ProtocolHandler ["http-bio-8080"]
avr. 19, 2016 5:45:06 PM org.apache.coyote.AbstractProtocol init
INFOS: Initializing ProtocolHandler ["ajp-bio-8009"]
avr. 19, 2016 5:45:06 PM org.apache.openejb.util.OptionsLog info
INFOS: Using 'openejb.jdbc.datasource-creator=org.apache.tomee.jdbc.TomEEDataSourceCreator'
avr. 19, 2016 5:45:07 PM org.apache.openejb.OpenEJB$Instance <init>
INFOS: ********************************************************************************
avr. 19, 2016 5:45:07 PM org.apache.openejb.OpenEJB$Instance <init>
INFOS: OpenEJB http://openejb.apache.org/
avr. 19, 2016 5:45:07 PM org.apache.openejb.OpenEJB$Instance <init>
INFOS: Startup: Tue Apr 19 17:45:07 CEST 2016
avr. 19, 2016 5:45:07 PM org.apache.openejb.OpenEJB$Instance <init>
INFOS: Copyright 1999-2013 (C) Apache OpenEJB Project, All Rights Reserved.
avr. 19, 2016 5:45:07 PM org.apache.openejb.OpenEJB$Instance <init>
INFOS: Version: 4.7.1
avr. 19, 2016 5:45:07 PM org.apache.openejb.OpenEJB$Instance <init>
INFOS: Build date: 20140912
avr. 19, 2016 5:45:07 PM org.apache.openejb.OpenEJB$Instance <init>
INFOS: Build time: 01:43
avr. 19, 2016 5:45:07 PM org.apache.openejb.OpenEJB$Instance <init>
INFOS: ********************************************************************************
avr. 19, 2016 5:45:07 PM org.apache.openejb.OpenEJB$Instance <init>
INFOS: openejb.home = /home/m1/durand/Documents/CAR/tp4/apache-tomee
avr. 19, 2016 5:45:07 PM org.apache.openejb.OpenEJB$Instance <init>
INFOS: openejb.base = /home/m1/durand/Documents/CAR/tp4/apache-tomee
avr. 19, 2016 5:45:07 PM org.apache.openejb.cdi.CdiBuilder initializeOWB
INFOS: Created new singletonService org.apache.openejb.cdi.ThreadSingletonServiceImpl@60438a68
avr. 19, 2016 5:45:07 PM org.apache.openejb.cdi.CdiBuilder initializeOWB
INFOS: Succeeded in installing singleton service
avr. 19, 2016 5:45:07 PM org.apache.openejb.config.ConfigurationFactory init
INFOS: openejb configuration file is '/home/m1/durand/Documents/CAR/tp4/apache-tomee/conf/tomee.xml'
avr. 19, 2016 5:45:07 PM org.apache.openejb.config.ConfigurationFactory configureService
INFOS: Configuring Service(id=Tomcat Security Service, type=SecurityService, provider-id=Tomcat Security Service)
avr. 19, 2016 5:45:07 PM org.apache.openejb.config.ConfigurationFactory configureService
INFOS: Configuring Service(id=Default Transaction Manager, type=TransactionManager, provider-id=Default Transaction Manager)
avr. 19, 2016 5:45:07 PM org.apache.openejb.util.OptionsLog info
INFOS: Using 'openejb.system.apps=true'
avr. 19, 2016 5:45:07 PM org.apache.openejb.config.ConfigurationFactory configureApplication
INFOS: Configuring enterprise application: openejb
avr. 19, 2016 5:45:07 PM org.apache.openejb.config.InitEjbDeployments deploy
INFOS: Using openejb.deploymentId.format '{ejbName}'
avr. 19, 2016 5:45:07 PM org.apache.openejb.config.InitEjbDeployments deploy
INFOS: Auto-deploying ejb openejb/Deployer: EjbDeployment(deployment-id=openejb/Deployer)
avr. 19, 2016 5:45:07 PM org.apache.openejb.config.InitEjbDeployments deploy
INFOS: Auto-deploying ejb openejb/ConfigurationInfo: EjbDeployment(deployment-id=openejb/ConfigurationInfo)
avr. 19, 2016 5:45:07 PM org.apache.openejb.config.InitEjbDeployments deploy
INFOS: Auto-deploying ejb MEJB: EjbDeployment(deployment-id=MEJB)
avr. 19, 2016 5:45:07 PM org.apache.openejb.config.ConfigurationFactory configureService
INFOS: Configuring Service(id=Default Stateless Container, type=Container, provider-id=Default Stateless Container)
avr. 19, 2016 5:45:07 PM org.apache.openejb.config.AutoConfig createContainer
INFOS: Auto-creating a container for bean openejb/Deployer: Container(type=STATELESS, id=Default Stateless Container)
avr. 19, 2016 5:45:07 PM org.apache.openejb.config.AppInfoBuilder build
INFOS: Enterprise application "openejb" loaded.
avr. 19, 2016 5:45:07 PM org.apache.openejb.assembler.classic.Assembler createRecipe
INFOS: Creating TransactionManager(id=Default Transaction Manager)
avr. 19, 2016 5:45:07 PM org.apache.openejb.assembler.classic.Assembler createRecipe
INFOS: Creating SecurityService(id=Tomcat Security Service)
avr. 19, 2016 5:45:07 PM org.apache.openejb.assembler.classic.Assembler createRecipe
INFOS: Creating Container(id=Default Stateless Container)
avr. 19, 2016 5:45:07 PM org.apache.openejb.assembler.classic.Assembler createApplication
INFOS: Assembling app: openejb
avr. 19, 2016 5:45:07 PM org.apache.openejb.util.OptionsLog info
INFOS: Using 'openejb.jndiname.format={deploymentId}{interfaceType.openejbLegacyName}'
avr. 19, 2016 5:45:07 PM org.apache.openejb.assembler.classic.JndiBuilder bind
INFOS: Jndi(name=openejb/DeployerBusinessRemote) --> Ejb(deployment-id=openejb/Deployer)
avr. 19, 2016 5:45:07 PM org.apache.openejb.assembler.classic.JndiBuilder bind
INFOS: Jndi(name=global/openejb/openejb/Deployer!org.apache.openejb.assembler.Deployer) --> Ejb(deployment-id=openejb/Deployer)
avr. 19, 2016 5:45:07 PM org.apache.openejb.assembler.classic.JndiBuilder bind
INFOS: Jndi(name=global/openejb/openejb/Deployer) --> Ejb(deployment-id=openejb/Deployer)
avr. 19, 2016 5:45:07 PM org.apache.openejb.assembler.classic.JndiBuilder bind
INFOS: Jndi(name=openejb/ConfigurationInfoBusinessRemote) --> Ejb(deployment-id=openejb/ConfigurationInfo)
avr. 19, 2016 5:45:07 PM org.apache.openejb.assembler.classic.JndiBuilder bind
INFOS: Jndi(name=global/openejb/openejb/ConfigurationInfo!org.apache.openejb.assembler.classic.cmd.ConfigurationInfo) --> Ejb(deployment-id=openejb/ConfigurationInfo)
avr. 19, 2016 5:45:07 PM org.apache.openejb.assembler.classic.JndiBuilder bind
INFOS: Jndi(name=global/openejb/openejb/ConfigurationInfo) --> Ejb(deployment-id=openejb/ConfigurationInfo)
avr. 19, 2016 5:45:07 PM org.apache.openejb.assembler.classic.JndiBuilder bind
INFOS: Jndi(name=MEJB) --> Ejb(deployment-id=MEJB)
avr. 19, 2016 5:45:07 PM org.apache.openejb.assembler.classic.JndiBuilder bind
INFOS: Jndi(name=global/openejb/MEJB!javax.management.j2ee.ManagementHome) --> Ejb(deployment-id=MEJB)
avr. 19, 2016 5:45:07 PM org.apache.openejb.assembler.classic.JndiBuilder bind
INFOS: Jndi(name=global/openejb/MEJB) --> Ejb(deployment-id=MEJB)
avr. 19, 2016 5:45:07 PM org.apache.openejb.assembler.classic.Assembler startEjbs
INFOS: Created Ejb(deployment-id=MEJB, ejb-name=MEJB, container=Default Stateless Container)
avr. 19, 2016 5:45:07 PM org.apache.openejb.assembler.classic.Assembler startEjbs
INFOS: Created Ejb(deployment-id=openejb/ConfigurationInfo, ejb-name=openejb/ConfigurationInfo, container=Default Stateless Container)
avr. 19, 2016 5:45:07 PM org.apache.openejb.assembler.classic.Assembler startEjbs
INFOS: Created Ejb(deployment-id=openejb/Deployer, ejb-name=openejb/Deployer, container=Default Stateless Container)
avr. 19, 2016 5:45:07 PM org.apache.openejb.assembler.classic.Assembler startEjbs
INFOS: Started Ejb(deployment-id=MEJB, ejb-name=MEJB, container=Default Stateless Container)
avr. 19, 2016 5:45:07 PM org.apache.openejb.assembler.classic.Assembler startEjbs
INFOS: Started Ejb(deployment-id=openejb/ConfigurationInfo, ejb-name=openejb/ConfigurationInfo, container=Default Stateless Container)
avr. 19, 2016 5:45:07 PM org.apache.openejb.assembler.classic.Assembler startEjbs
INFOS: Started Ejb(deployment-id=openejb/Deployer, ejb-name=openejb/Deployer, container=Default Stateless Container)
avr. 19, 2016 5:45:07 PM org.apache.openejb.assembler.classic.Assembler deployMBean
INFOS: Deployed MBean(openejb.user.mbeans:application=openejb,group=org.apache.openejb.assembler.monitoring,name=JMXDeployer)
avr. 19, 2016 5:45:07 PM org.apache.openejb.assembler.classic.Assembler createApplication
INFOS: Deployed Application(path=openejb)
avr. 19, 2016 5:45:07 PM org.apache.openejb.server.SimpleServiceManager start
INFOS:   ** Bound Services **
avr. 19, 2016 5:45:07 PM org.apache.openejb.server.SimpleServiceManager printRow
INFOS:   NAME                 IP              PORT  
avr. 19, 2016 5:45:07 PM org.apache.openejb.server.SimpleServiceManager start
INFOS: -------
avr. 19, 2016 5:45:07 PM org.apache.openejb.server.SimpleServiceManager start
INFOS: Ready!
avr. 19, 2016 5:45:07 PM org.apache.catalina.startup.Catalina load
INFOS: Initialization processed in 1054 ms
avr. 19, 2016 5:45:07 PM org.apache.tomee.catalina.OpenEJBNamingContextListener bindResource
INFOS: Importing a Tomcat Resource with id 'UserDatabase' of type 'org.apache.catalina.UserDatabase'.
avr. 19, 2016 5:45:07 PM org.apache.openejb.assembler.classic.Assembler createRecipe
INFOS: Creating Resource(id=UserDatabase)
avr. 19, 2016 5:45:07 PM org.apache.catalina.core.StandardService startInternal
INFOS: Démarrage du service Catalina
avr. 19, 2016 5:45:07 PM org.apache.catalina.core.StandardEngine startInternal
INFOS: Starting Servlet Engine: Apache Tomcat (TomEE)/7.0.55 (1.7.1)
avr. 19, 2016 5:45:07 PM org.apache.catalina.startup.HostConfig deployWAR
INFOS: Déploiement de l'archive /home/m1/durand/Documents/CAR/tp4/apache-tomee/webapps/ROOT.war de l'application web
avr. 19, 2016 5:45:07 PM org.apache.tomee.catalina.TomcatWebAppBuilder init
INFOS: ------------------------- localhost -> /
avr. 19, 2016 5:45:07 PM org.apache.openejb.config.ConfigurationFactory configureApplication
INFOS: Configuring enterprise application: /home/m1/durand/Documents/CAR/tp4/apache-tomee/webapps/ROOT
avr. 19, 2016 5:45:07 PM org.apache.openejb.config.AutoConfig deploy
INFOS: Configuring PersistenceUnit(name=book-pu)
avr. 19, 2016 5:45:07 PM org.apache.openejb.config.ConfigurationFactory configureService
INFOS: Configuring Service(id=Default JDBC Database, type=Resource, provider-id=Default JDBC Database)
avr. 19, 2016 5:45:07 PM org.apache.openejb.config.AutoConfig logAutoCreateResource
INFOS: Auto-creating a Resource with id 'Default JDBC Database' of type 'DataSource for 'book-pu'.
avr. 19, 2016 5:45:07 PM org.apache.openejb.assembler.classic.Assembler createRecipe
INFOS: Creating Resource(id=Default JDBC Database)
avr. 19, 2016 5:45:07 PM org.apache.tomee.jdbc.TomEEDataSourceCreator$TomEEDataSource readOnly
INFOS: Disabling testOnBorrow since no validation query is provided
avr. 19, 2016 5:45:07 PM org.apache.openejb.config.ConfigurationFactory configureService
INFOS: Configuring Service(id=Default Unmanaged JDBC Database, type=Resource, provider-id=Default Unmanaged JDBC Database)
avr. 19, 2016 5:45:07 PM org.apache.openejb.config.AutoConfig logAutoCreateResource
INFOS: Auto-creating a Resource with id 'Default Unmanaged JDBC Database' of type 'DataSource for 'book-pu'.
avr. 19, 2016 5:45:07 PM org.apache.openejb.assembler.classic.Assembler createRecipe
INFOS: Creating Resource(id=Default Unmanaged JDBC Database)
avr. 19, 2016 5:45:07 PM org.apache.tomee.jdbc.TomEEDataSourceCreator$TomEEDataSource readOnly
INFOS: Disabling testOnBorrow since no validation query is provided
avr. 19, 2016 5:45:07 PM org.apache.openejb.config.AutoConfig setJtaDataSource
INFOS: Adjusting PersistenceUnit book-pu <jta-data-source> to Resource ID 'Default JDBC Database' from 'bookDatabase'
avr. 19, 2016 5:45:07 PM org.apache.openejb.config.AutoConfig setNonJtaDataSource
INFOS: Adjusting PersistenceUnit book-pu <non-jta-data-source> to Resource ID 'Default Unmanaged JDBC Database' from 'null'
avr. 19, 2016 5:45:07 PM org.apache.openejb.config.AppInfoBuilder build
INFOS: Enterprise application "/home/m1/durand/Documents/CAR/tp4/apache-tomee/webapps/ROOT" loaded.
avr. 19, 2016 5:45:07 PM org.apache.openejb.assembler.classic.Assembler createApplication
INFOS: Assembling app: /home/m1/durand/Documents/CAR/tp4/apache-tomee/webapps/ROOT
avr. 19, 2016 5:45:07 PM null
INFOS: OpenJPA dynamically loaded a validation provider.
avr. 19, 2016 5:45:07 PM org.apache.openejb.assembler.classic.ReloadableEntityManagerFactory createDelegate
INFOS: PersistenceUnit(name=book-pu, provider=org.apache.openjpa.persistence.PersistenceProviderImpl) - provider time 138ms
avr. 19, 2016 5:45:07 PM org.apache.openejb.cdi.CdiBuilder initSingleton
INFOS: Existing thread singleton service in SystemInstance(): org.apache.openejb.cdi.ThreadSingletonServiceImpl@60438a68
avr. 19, 2016 5:45:07 PM org.apache.openejb.cdi.OpenEJBLifecycle startApplication
INFOS: OpenWebBeans Container is starting...
avr. 19, 2016 5:45:07 PM org.apache.webbeans.plugins.PluginLoader startUp
INFOS: Adding OpenWebBeansPlugin : [CdiPlugin]
avr. 19, 2016 5:45:07 PM org.apache.webbeans.plugins.PluginLoader startUp
INFOS: Adding OpenWebBeansPlugin : [OpenWebBeansJsfPlugin]
avr. 19, 2016 5:45:07 PM org.apache.webbeans.config.BeansDeployer validateInjectionPoints
INFOS: All injection points were validated successfully.
avr. 19, 2016 5:45:07 PM org.apache.openejb.cdi.OpenEJBLifecycle startApplication
INFOS: OpenWebBeans Container has started, it took 54 ms.
avr. 19, 2016 5:45:07 PM org.apache.openejb.assembler.classic.Assembler createApplication
INFOS: Deployed Application(path=/home/m1/durand/Documents/CAR/tp4/apache-tomee/webapps/ROOT)
avr. 19, 2016 5:45:08 PM org.apache.catalina.startup.HostConfig deployWAR
INFOS: Deployment of web application archive /home/m1/durand/Documents/CAR/tp4/apache-tomee/webapps/ROOT.war has finished in 618 ms
avr. 19, 2016 5:45:08 PM org.apache.coyote.AbstractProtocol start
INFOS: Starting ProtocolHandler ["http-bio-8080"]
avr. 19, 2016 5:45:08 PM org.apache.coyote.AbstractProtocol start
INFOS: Starting ProtocolHandler ["ajp-bio-8009"]
avr. 19, 2016 5:45:08 PM org.apache.catalina.startup.Catalina start
INFOS: Server startup in 657 ms
avr. 19, 2016 5:45:18 PM org.apache.coyote.ajp.AjpMessage processHeader
GRAVE: Invalid message received with signature 18245
avr. 19, 2016 5:45:40 PM org.apache.coyote.AbstractProtocol pause
INFOS: Pausing ProtocolHandler ["http-bio-8080"]
avr. 19, 2016 5:45:40 PM org.apache.coyote.AbstractProtocol pause
INFOS: Pausing ProtocolHandler ["ajp-bio-8009"]
avr. 19, 2016 5:45:41 PM org.apache.catalina.core.StandardService stopInternal
INFOS: Arrêt du service Catalina
avr. 19, 2016 5:45:41 PM org.apache.openejb.assembler.classic.Assembler destroyApplication
INFOS: Undeploying app: /home/m1/durand/Documents/CAR/tp4/apache-tomee/webapps/ROOT
avr. 19, 2016 5:45:41 PM org.apache.coyote.AbstractProtocol stop
INFOS: Stopping ProtocolHandler ["http-bio-8080"]
avr. 19, 2016 5:45:41 PM org.apache.coyote.AbstractProtocol stop
INFOS: Stopping ProtocolHandler ["ajp-bio-8009"]
avr. 19, 2016 5:45:41 PM org.apache.openejb.server.SimpleServiceManager stop
INFOS: Stopping server services
avr. 19, 2016 5:45:41 PM org.apache.openejb.assembler.classic.Assembler destroyApplication
INFOS: Undeploying app: openejb
avr. 19, 2016 5:45:41 PM org.apache.openejb.assembler.classic.Assembler destroyResource
INFOS: Closing DataSource: Default JDBC Database
avr. 19, 2016 5:45:41 PM org.apache.openejb.assembler.classic.Assembler destroyResource
INFOS: Closing DataSource: Default Unmanaged JDBC Database
avr. 19, 2016 5:45:41 PM org.apache.coyote.AbstractProtocol destroy
INFOS: Destroying ProtocolHandler ["http-bio-8080"]
avr. 19, 2016 5:45:41 PM org.apache.coyote.AbstractProtocol destroy
INFOS: Destroying ProtocolHandler ["ajp-bio-8009"]
avr. 19, 2016 5:46:20 PM org.apache.catalina.core.AprLifecycleListener init
INFOS: The APR based Apache Tomcat Native library which allows optimal performance in production environments was not found on the java.library.path: /opt/oracle/instantclient_11_2:/usr/java/packages/lib/amd64:/usr/lib64:/lib64:/lib:/usr/lib
avr. 19, 2016 5:46:20 PM org.apache.coyote.AbstractProtocol init
INFOS: Initializing ProtocolHandler ["http-bio-8080"]
avr. 19, 2016 5:46:20 PM org.apache.coyote.AbstractProtocol init
INFOS: Initializing ProtocolHandler ["ajp-bio-8009"]
avr. 19, 2016 5:46:20 PM org.apache.openejb.util.OptionsLog info
INFOS: Using 'openejb.jdbc.datasource-creator=org.apache.tomee.jdbc.TomEEDataSourceCreator'
avr. 19, 2016 5:46:20 PM org.apache.openejb.OpenEJB$Instance <init>
INFOS: ********************************************************************************
avr. 19, 2016 5:46:20 PM org.apache.openejb.OpenEJB$Instance <init>
INFOS: OpenEJB http://openejb.apache.org/
avr. 19, 2016 5:46:20 PM org.apache.openejb.OpenEJB$Instance <init>
INFOS: Startup: Tue Apr 19 17:46:20 CEST 2016
avr. 19, 2016 5:46:20 PM org.apache.openejb.OpenEJB$Instance <init>
INFOS: Copyright 1999-2013 (C) Apache OpenEJB Project, All Rights Reserved.
avr. 19, 2016 5:46:20 PM org.apache.openejb.OpenEJB$Instance <init>
INFOS: Version: 4.7.1
avr. 19, 2016 5:46:20 PM org.apache.openejb.OpenEJB$Instance <init>
INFOS: Build date: 20140912
avr. 19, 2016 5:46:20 PM org.apache.openejb.OpenEJB$Instance <init>
INFOS: Build time: 01:43
avr. 19, 2016 5:46:20 PM org.apache.openejb.OpenEJB$Instance <init>
INFOS: ********************************************************************************
avr. 19, 2016 5:46:20 PM org.apache.openejb.OpenEJB$Instance <init>
INFOS: openejb.home = /home/m1/durand/Documents/CAR/tp4/apache-tomee
avr. 19, 2016 5:46:20 PM org.apache.openejb.OpenEJB$Instance <init>
INFOS: openejb.base = /home/m1/durand/Documents/CAR/tp4/apache-tomee
avr. 19, 2016 5:46:20 PM org.apache.openejb.cdi.CdiBuilder initializeOWB
INFOS: Created new singletonService org.apache.openejb.cdi.ThreadSingletonServiceImpl@60438a68
avr. 19, 2016 5:46:20 PM org.apache.openejb.cdi.CdiBuilder initializeOWB
INFOS: Succeeded in installing singleton service
avr. 19, 2016 5:46:20 PM org.apache.openejb.config.ConfigurationFactory init
INFOS: openejb configuration file is '/home/m1/durand/Documents/CAR/tp4/apache-tomee/conf/tomee.xml'
avr. 19, 2016 5:46:20 PM org.apache.openejb.config.ConfigurationFactory configureService
INFOS: Configuring Service(id=Tomcat Security Service, type=SecurityService, provider-id=Tomcat Security Service)
avr. 19, 2016 5:46:20 PM org.apache.openejb.config.ConfigurationFactory configureService
INFOS: Configuring Service(id=Default Transaction Manager, type=TransactionManager, provider-id=Default Transaction Manager)
avr. 19, 2016 5:46:20 PM org.apache.openejb.util.OptionsLog info
INFOS: Using 'openejb.system.apps=true'
avr. 19, 2016 5:46:20 PM org.apache.openejb.config.ConfigurationFactory configureApplication
INFOS: Configuring enterprise application: openejb
avr. 19, 2016 5:46:20 PM org.apache.openejb.config.InitEjbDeployments deploy
INFOS: Using openejb.deploymentId.format '{ejbName}'
avr. 19, 2016 5:46:20 PM org.apache.openejb.config.InitEjbDeployments deploy
INFOS: Auto-deploying ejb openejb/Deployer: EjbDeployment(deployment-id=openejb/Deployer)
avr. 19, 2016 5:46:20 PM org.apache.openejb.config.InitEjbDeployments deploy
INFOS: Auto-deploying ejb openejb/ConfigurationInfo: EjbDeployment(deployment-id=openejb/ConfigurationInfo)
avr. 19, 2016 5:46:20 PM org.apache.openejb.config.InitEjbDeployments deploy
INFOS: Auto-deploying ejb MEJB: EjbDeployment(deployment-id=MEJB)
avr. 19, 2016 5:46:20 PM org.apache.openejb.config.ConfigurationFactory configureService
INFOS: Configuring Service(id=Default Stateless Container, type=Container, provider-id=Default Stateless Container)
avr. 19, 2016 5:46:20 PM org.apache.openejb.config.AutoConfig createContainer
INFOS: Auto-creating a container for bean openejb/Deployer: Container(type=STATELESS, id=Default Stateless Container)
avr. 19, 2016 5:46:20 PM org.apache.openejb.config.AppInfoBuilder build
INFOS: Enterprise application "openejb" loaded.
avr. 19, 2016 5:46:20 PM org.apache.openejb.assembler.classic.Assembler createRecipe
INFOS: Creating TransactionManager(id=Default Transaction Manager)
avr. 19, 2016 5:46:20 PM org.apache.openejb.assembler.classic.Assembler createRecipe
INFOS: Creating SecurityService(id=Tomcat Security Service)
avr. 19, 2016 5:46:20 PM org.apache.openejb.assembler.classic.Assembler createRecipe
INFOS: Creating Container(id=Default Stateless Container)
avr. 19, 2016 5:46:20 PM org.apache.openejb.assembler.classic.Assembler createApplication
INFOS: Assembling app: openejb
avr. 19, 2016 5:46:20 PM org.apache.openejb.util.OptionsLog info
INFOS: Using 'openejb.jndiname.format={deploymentId}{interfaceType.openejbLegacyName}'
avr. 19, 2016 5:46:20 PM org.apache.openejb.assembler.classic.JndiBuilder bind
INFOS: Jndi(name=openejb/DeployerBusinessRemote) --> Ejb(deployment-id=openejb/Deployer)
avr. 19, 2016 5:46:20 PM org.apache.openejb.assembler.classic.JndiBuilder bind
INFOS: Jndi(name=global/openejb/openejb/Deployer!org.apache.openejb.assembler.Deployer) --> Ejb(deployment-id=openejb/Deployer)
avr. 19, 2016 5:46:20 PM org.apache.openejb.assembler.classic.JndiBuilder bind
INFOS: Jndi(name=global/openejb/openejb/Deployer) --> Ejb(deployment-id=openejb/Deployer)
avr. 19, 2016 5:46:20 PM org.apache.openejb.assembler.classic.JndiBuilder bind
INFOS: Jndi(name=openejb/ConfigurationInfoBusinessRemote) --> Ejb(deployment-id=openejb/ConfigurationInfo)
avr. 19, 2016 5:46:20 PM org.apache.openejb.assembler.classic.JndiBuilder bind
INFOS: Jndi(name=global/openejb/openejb/ConfigurationInfo!org.apache.openejb.assembler.classic.cmd.ConfigurationInfo) --> Ejb(deployment-id=openejb/ConfigurationInfo)
avr. 19, 2016 5:46:20 PM org.apache.openejb.assembler.classic.JndiBuilder bind
INFOS: Jndi(name=global/openejb/openejb/ConfigurationInfo) --> Ejb(deployment-id=openejb/ConfigurationInfo)
avr. 19, 2016 5:46:20 PM org.apache.openejb.assembler.classic.JndiBuilder bind
INFOS: Jndi(name=MEJB) --> Ejb(deployment-id=MEJB)
avr. 19, 2016 5:46:20 PM org.apache.openejb.assembler.classic.JndiBuilder bind
INFOS: Jndi(name=global/openejb/MEJB!javax.management.j2ee.ManagementHome) --> Ejb(deployment-id=MEJB)
avr. 19, 2016 5:46:20 PM org.apache.openejb.assembler.classic.JndiBuilder bind
INFOS: Jndi(name=global/openejb/MEJB) --> Ejb(deployment-id=MEJB)
avr. 19, 2016 5:46:20 PM org.apache.openejb.assembler.classic.Assembler startEjbs
INFOS: Created Ejb(deployment-id=MEJB, ejb-name=MEJB, container=Default Stateless Container)
avr. 19, 2016 5:46:20 PM org.apache.openejb.assembler.classic.Assembler startEjbs
INFOS: Created Ejb(deployment-id=openejb/ConfigurationInfo, ejb-name=openejb/ConfigurationInfo, container=Default Stateless Container)
avr. 19, 2016 5:46:20 PM org.apache.openejb.assembler.classic.Assembler startEjbs
INFOS: Created Ejb(deployment-id=openejb/Deployer, ejb-name=openejb/Deployer, container=Default Stateless Container)
avr. 19, 2016 5:46:20 PM org.apache.openejb.assembler.classic.Assembler startEjbs
INFOS: Started Ejb(deployment-id=MEJB, ejb-name=MEJB, container=Default Stateless Container)
avr. 19, 2016 5:46:20 PM org.apache.openejb.assembler.classic.Assembler startEjbs
INFOS: Started Ejb(deployment-id=openejb/ConfigurationInfo, ejb-name=openejb/ConfigurationInfo, container=Default Stateless Container)
avr. 19, 2016 5:46:20 PM org.apache.openejb.assembler.classic.Assembler startEjbs
INFOS: Started Ejb(deployment-id=openejb/Deployer, ejb-name=openejb/Deployer, container=Default Stateless Container)
avr. 19, 2016 5:46:20 PM org.apache.openejb.assembler.classic.Assembler deployMBean
INFOS: Deployed MBean(openejb.user.mbeans:application=openejb,group=org.apache.openejb.assembler.monitoring,name=JMXDeployer)
avr. 19, 2016 5:46:20 PM org.apache.openejb.assembler.classic.Assembler createApplication
INFOS: Deployed Application(path=openejb)
avr. 19, 2016 5:46:20 PM org.apache.openejb.server.SimpleServiceManager start
INFOS:   ** Bound Services **
avr. 19, 2016 5:46:20 PM org.apache.openejb.server.SimpleServiceManager printRow
INFOS:   NAME                 IP              PORT  
avr. 19, 2016 5:46:20 PM org.apache.openejb.server.SimpleServiceManager start
INFOS: -------
avr. 19, 2016 5:46:20 PM org.apache.openejb.server.SimpleServiceManager start
INFOS: Ready!
avr. 19, 2016 5:46:20 PM org.apache.catalina.startup.Catalina load
INFOS: Initialization processed in 1022 ms
avr. 19, 2016 5:46:20 PM org.apache.tomee.catalina.OpenEJBNamingContextListener bindResource
INFOS: Importing a Tomcat Resource with id 'UserDatabase' of type 'org.apache.catalina.UserDatabase'.
avr. 19, 2016 5:46:20 PM org.apache.openejb.assembler.classic.Assembler createRecipe
INFOS: Creating Resource(id=UserDatabase)
avr. 19, 2016 5:46:20 PM org.apache.catalina.core.StandardService startInternal
INFOS: Démarrage du service Catalina
avr. 19, 2016 5:46:20 PM org.apache.catalina.core.StandardEngine startInternal
INFOS: Starting Servlet Engine: Apache Tomcat (TomEE)/7.0.55 (1.7.1)
avr. 19, 2016 5:46:20 PM org.apache.catalina.startup.HostConfig deployWAR
INFOS: Déploiement de l'archive /home/m1/durand/Documents/CAR/tp4/apache-tomee/webapps/ROOT.war de l'application web
avr. 19, 2016 5:46:20 PM org.apache.tomee.catalina.TomcatWebAppBuilder init
INFOS: ------------------------- localhost -> /
avr. 19, 2016 5:46:20 PM org.apache.openejb.config.ConfigurationFactory configureApplication
INFOS: Configuring enterprise application: /home/m1/durand/Documents/CAR/tp4/apache-tomee/webapps/ROOT
avr. 19, 2016 5:46:21 PM org.apache.openejb.config.AutoConfig deploy
INFOS: Configuring PersistenceUnit(name=book-pu)
avr. 19, 2016 5:46:21 PM org.apache.openejb.config.ConfigurationFactory configureService
INFOS: Configuring Service(id=Default JDBC Database, type=Resource, provider-id=Default JDBC Database)
avr. 19, 2016 5:46:21 PM org.apache.openejb.config.AutoConfig logAutoCreateResource
INFOS: Auto-creating a Resource with id 'Default JDBC Database' of type 'DataSource for 'book-pu'.
avr. 19, 2016 5:46:21 PM org.apache.openejb.assembler.classic.Assembler createRecipe
INFOS: Creating Resource(id=Default JDBC Database)
avr. 19, 2016 5:46:21 PM org.apache.tomee.jdbc.TomEEDataSourceCreator$TomEEDataSource readOnly
INFOS: Disabling testOnBorrow since no validation query is provided
avr. 19, 2016 5:46:21 PM org.apache.openejb.config.ConfigurationFactory configureService
INFOS: Configuring Service(id=Default Unmanaged JDBC Database, type=Resource, provider-id=Default Unmanaged JDBC Database)
avr. 19, 2016 5:46:21 PM org.apache.openejb.config.AutoConfig logAutoCreateResource
INFOS: Auto-creating a Resource with id 'Default Unmanaged JDBC Database' of type 'DataSource for 'book-pu'.
avr. 19, 2016 5:46:21 PM org.apache.openejb.assembler.classic.Assembler createRecipe
INFOS: Creating Resource(id=Default Unmanaged JDBC Database)
avr. 19, 2016 5:46:21 PM org.apache.tomee.jdbc.TomEEDataSourceCreator$TomEEDataSource readOnly
INFOS: Disabling testOnBorrow since no validation query is provided
avr. 19, 2016 5:46:21 PM org.apache.openejb.config.AutoConfig setJtaDataSource
INFOS: Adjusting PersistenceUnit book-pu <jta-data-source> to Resource ID 'Default JDBC Database' from 'bookDatabase'
avr. 19, 2016 5:46:21 PM org.apache.openejb.config.AutoConfig setNonJtaDataSource
INFOS: Adjusting PersistenceUnit book-pu <non-jta-data-source> to Resource ID 'Default Unmanaged JDBC Database' from 'null'
avr. 19, 2016 5:46:21 PM org.apache.openejb.config.AppInfoBuilder build
INFOS: Enterprise application "/home/m1/durand/Documents/CAR/tp4/apache-tomee/webapps/ROOT" loaded.
avr. 19, 2016 5:46:21 PM org.apache.openejb.assembler.classic.Assembler createApplication
INFOS: Assembling app: /home/m1/durand/Documents/CAR/tp4/apache-tomee/webapps/ROOT
avr. 19, 2016 5:46:21 PM null
INFOS: OpenJPA dynamically loaded a validation provider.
avr. 19, 2016 5:46:21 PM org.apache.openejb.assembler.classic.ReloadableEntityManagerFactory createDelegate
INFOS: PersistenceUnit(name=book-pu, provider=org.apache.openjpa.persistence.PersistenceProviderImpl) - provider time 147ms
avr. 19, 2016 5:46:21 PM org.apache.openejb.cdi.CdiBuilder initSingleton
INFOS: Existing thread singleton service in SystemInstance(): org.apache.openejb.cdi.ThreadSingletonServiceImpl@60438a68
avr. 19, 2016 5:46:21 PM org.apache.openejb.cdi.OpenEJBLifecycle startApplication
INFOS: OpenWebBeans Container is starting...
avr. 19, 2016 5:46:21 PM org.apache.webbeans.plugins.PluginLoader startUp
INFOS: Adding OpenWebBeansPlugin : [CdiPlugin]
avr. 19, 2016 5:46:21 PM org.apache.webbeans.plugins.PluginLoader startUp
INFOS: Adding OpenWebBeansPlugin : [OpenWebBeansJsfPlugin]
avr. 19, 2016 5:46:21 PM org.apache.webbeans.config.BeansDeployer validateInjectionPoints
INFOS: All injection points were validated successfully.
avr. 19, 2016 5:46:21 PM org.apache.openejb.cdi.OpenEJBLifecycle startApplication
INFOS: OpenWebBeans Container has started, it took 52 ms.
avr. 19, 2016 5:46:21 PM org.apache.openejb.assembler.classic.Assembler createApplication
INFOS: Deployed Application(path=/home/m1/durand/Documents/CAR/tp4/apache-tomee/webapps/ROOT)
avr. 19, 2016 5:46:21 PM org.apache.catalina.startup.HostConfig deployWAR
INFOS: Deployment of web application archive /home/m1/durand/Documents/CAR/tp4/apache-tomee/webapps/ROOT.war has finished in 636 ms
avr. 19, 2016 5:46:21 PM org.apache.coyote.AbstractProtocol start
INFOS: Starting ProtocolHandler ["http-bio-8080"]
avr. 19, 2016 5:46:21 PM org.apache.coyote.AbstractProtocol start
INFOS: Starting ProtocolHandler ["ajp-bio-8009"]
avr. 19, 2016 5:46:21 PM org.apache.catalina.startup.Catalina start
INFOS: Server startup in 676 ms
