Oct 12, 2015 10:17:16 AM org.apache.catalina.core.StandardWrapperValve invoke
SEVERE: Servlet.service() for servlet [LibraryServlet] in context with path [] threw exception
javax.ejb.EJBTransactionRolledbackException: Transaction was rolled back, presumably because setRollbackOnly was called during a synchronization
	at org.apache.openejb.core.ivm.BaseEjbProxyHandler.convertException(BaseEjbProxyHandler.java:381)
	at org.apache.openejb.core.ivm.BaseEjbProxyHandler.invoke(BaseEjbProxyHandler.java:312)
	at $Proxy65.addBook(Unknown Source)
	at car.tp4.LibraryServlet.service(LibraryServlet.java:38)
	at javax.servlet.http.HttpServlet.service(HttpServlet.java:727)
	at org.apache.catalina.core.ApplicationFilterChain.internalDoFilter(ApplicationFilterChain.java:303)
	at org.apache.catalina.core.ApplicationFilterChain.doFilter(ApplicationFilterChain.java:208)
	at org.apache.tomcat.websocket.server.WsFilter.doFilter(WsFilter.java:52)
	at org.apache.catalina.core.ApplicationFilterChain.internalDoFilter(ApplicationFilterChain.java:241)
	at org.apache.catalina.core.ApplicationFilterChain.doFilter(ApplicationFilterChain.java:208)
	at org.apache.catalina.core.StandardWrapperValve.invoke(StandardWrapperValve.java:220)
	at org.apache.catalina.core.StandardContextValve.invoke(StandardContextValve.java:122)
	at org.apache.tomee.catalina.OpenEJBValve.invoke(OpenEJBValve.java:44)
	at org.apache.tomee.catalina.OpenEJBValve.invoke(OpenEJBValve.java:44)
	at org.apache.tomee.catalina.OpenEJBValve.invoke(OpenEJBValve.java:44)
	at org.apache.tomee.catalina.OpenEJBValve.invoke(OpenEJBValve.java:44)
	at org.apache.tomee.catalina.OpenEJBValve.invoke(OpenEJBValve.java:44)
	at org.apache.catalina.authenticator.AuthenticatorBase.invoke(AuthenticatorBase.java:501)
	at org.apache.catalina.core.StandardHostValve.invoke(StandardHostValve.java:171)
	at org.apache.catalina.valves.ErrorReportValve.invoke(ErrorReportValve.java:103)
	at org.apache.catalina.valves.AccessLogValve.invoke(AccessLogValve.java:950)
	at org.apache.catalina.core.StandardEngineValve.invoke(StandardEngineValve.java:116)
	at org.apache.catalina.connector.CoyoteAdapter.service(CoyoteAdapter.java:408)
	at org.apache.coyote.http11.AbstractHttp11Processor.process(AbstractHttp11Processor.java:1070)
	at org.apache.coyote.AbstractProtocol$AbstractConnectionHandler.process(AbstractProtocol.java:611)
	at org.apache.tomcat.util.net.JIoEndpoint$SocketProcessor.run(JIoEndpoint.java:316)
	at java.util.concurrent.ThreadPoolExecutor.runWorker(ThreadPoolExecutor.java:1110)
	at java.util.concurrent.ThreadPoolExecutor$Worker.run(ThreadPoolExecutor.java:603)
	at org.apache.tomcat.util.threads.TaskThread$WrappingRunnable.run(TaskThread.java:61)
	at java.lang.Thread.run(Thread.java:722)
Caused by: javax.transaction.RollbackException: Unable to commit: transaction marked for rollback
	at org.apache.geronimo.transaction.manager.TransactionImpl.commit(TransactionImpl.java:272)
	at org.apache.geronimo.transaction.manager.TransactionManagerImpl.commit(TransactionManagerImpl.java:252)
	at org.apache.openejb.core.transaction.JtaTransactionPolicy.completeTransaction(JtaTransactionPolicy.java:331)
	at org.apache.openejb.core.transaction.TxRequired.commit(TxRequired.java:76)
	at org.apache.openejb.core.transaction.EjbTransactionUtil.afterInvoke(EjbTransactionUtil.java:77)
	at org.apache.openejb.core.stateless.StatelessContainer._invoke(StatelessContainer.java:246)
	at org.apache.openejb.core.stateless.StatelessContainer.invoke(StatelessContainer.java:194)
	at org.apache.openejb.core.ivm.EjbObjectProxyHandler.synchronizedBusinessMethod(EjbObjectProxyHandler.java:308)
	at org.apache.openejb.core.ivm.EjbObjectProxyHandler.businessMethod(EjbObjectProxyHandler.java:303)
	at org.apache.openejb.core.ivm.EjbObjectProxyHandler._invoke(EjbObjectProxyHandler.java:92)
	at org.apache.openejb.core.ivm.BaseEjbProxyHandler.invoke(BaseEjbProxyHandler.java:308)
	... 28 more
Caused by: org.apache.geronimo.transaction.manager.SetRollbackOnlyException: setRollbackOnly() called.  See stacktrace for origin
	at org.apache.geronimo.transaction.manager.TransactionImpl.setRollbackOnly(TransactionImpl.java:126)
	at org.apache.geronimo.transaction.manager.TransactionManagerImpl.setRollbackOnly(TransactionManagerImpl.java:243)
	at org.apache.openejb.core.TransactionSynchronizationRegistryWrapper.setRollbackOnly(TransactionSynchronizationRegistryWrapper.java:72)
	at org.apache.openjpa.ee.RegistryManagedRuntime$TransactionManagerRegistryFacade.setRollbackOnly(RegistryManagedRuntime.java:128)
	at org.apache.openjpa.ee.RegistryManagedRuntime.setRollbackOnly(RegistryManagedRuntime.java:74)
	at org.apache.openjpa.ee.AutomaticManagedRuntime.setRollbackOnly(AutomaticManagedRuntime.java:274)
	at org.apache.openjpa.kernel.BrokerImpl.setRollbackOnlyInternal(BrokerImpl.java:1674)
	at org.apache.openjpa.kernel.BrokerImpl.setRollbackOnly(BrokerImpl.java:1654)
	at org.apache.openjpa.kernel.DelegatingBroker.setRollbackOnly(DelegatingBroker.java:981)
	at org.apache.openjpa.persistence.EntityManagerImpl.setRollbackOnly(EntityManagerImpl.java:631)
	at org.apache.openjpa.persistence.PersistenceExceptions$2.translate(PersistenceExceptions.java:76)
	at org.apache.openjpa.kernel.BrokerImpl.translateManagedCompletionException(BrokerImpl.java:2093)
	at org.apache.openjpa.kernel.BrokerImpl.beforeCompletion(BrokerImpl.java:2027)
	at org.apache.geronimo.transaction.manager.TransactionImpl.beforeCompletion(TransactionImpl.java:527)
	at org.apache.geronimo.transaction.manager.TransactionImpl.beforeCompletion(TransactionImpl.java:512)
	at org.apache.geronimo.transaction.manager.TransactionImpl.beforePrepare(TransactionImpl.java:413)
	at org.apache.geronimo.transaction.manager.TransactionImpl.commit(TransactionImpl.java:262)
	... 38 more

Oct 12, 2015 10:18:24 AM org.apache.catalina.core.StandardWrapperValve invoke
SEVERE: Servlet.service() for servlet [LibraryServlet] in context with path [] threw exception [Servlet execution threw an exception] with root cause
java.lang.Error: Unresolved compilation problems: 
	The constructor Book(int, String, String) is undefined
	The constructor Book(int, String, String) is undefined
	The constructor Book(int, String, String) is undefined
	The constructor Book(int, String, String) is undefined

	at car.tp4.LibraryServlet.service(LibraryServlet.java:32)
	at javax.servlet.http.HttpServlet.service(HttpServlet.java:727)
	at org.apache.catalina.core.ApplicationFilterChain.internalDoFilter(ApplicationFilterChain.java:303)
	at org.apache.catalina.core.ApplicationFilterChain.doFilter(ApplicationFilterChain.java:208)
	at org.apache.tomcat.websocket.server.WsFilter.doFilter(WsFilter.java:52)
	at org.apache.catalina.core.ApplicationFilterChain.internalDoFilter(ApplicationFilterChain.java:241)
	at org.apache.catalina.core.ApplicationFilterChain.doFilter(ApplicationFilterChain.java:208)
	at org.apache.catalina.core.StandardWrapperValve.invoke(StandardWrapperValve.java:220)
	at org.apache.catalina.core.StandardContextValve.invoke(StandardContextValve.java:122)
	at org.apache.tomee.catalina.OpenEJBValve.invoke(OpenEJBValve.java:44)
	at org.apache.tomee.catalina.OpenEJBValve.invoke(OpenEJBValve.java:44)
	at org.apache.tomee.catalina.OpenEJBValve.invoke(OpenEJBValve.java:44)
	at org.apache.tomee.catalina.OpenEJBValve.invoke(OpenEJBValve.java:44)
	at org.apache.tomee.catalina.OpenEJBValve.invoke(OpenEJBValve.java:44)
	at org.apache.tomee.catalina.OpenEJBValve.invoke(OpenEJBValve.java:44)
	at org.apache.tomee.catalina.OpenEJBValve.invoke(OpenEJBValve.java:44)
	at org.apache.tomee.catalina.OpenEJBValve.invoke(OpenEJBValve.java:44)
	at org.apache.catalina.authenticator.AuthenticatorBase.invoke(AuthenticatorBase.java:501)
	at org.apache.catalina.core.StandardHostValve.invoke(StandardHostValve.java:171)
	at org.apache.catalina.valves.ErrorReportValve.invoke(ErrorReportValve.java:103)
	at org.apache.catalina.valves.AccessLogValve.invoke(AccessLogValve.java:950)
	at org.apache.catalina.core.StandardEngineValve.invoke(StandardEngineValve.java:116)
	at org.apache.catalina.connector.CoyoteAdapter.service(CoyoteAdapter.java:408)
	at org.apache.coyote.http11.AbstractHttp11Processor.process(AbstractHttp11Processor.java:1070)
	at org.apache.coyote.AbstractProtocol$AbstractConnectionHandler.process(AbstractProtocol.java:611)
	at org.apache.tomcat.util.net.JIoEndpoint$SocketProcessor.run(JIoEndpoint.java:314)
	at java.util.concurrent.ThreadPoolExecutor.runWorker(ThreadPoolExecutor.java:1110)
	at java.util.concurrent.ThreadPoolExecutor$Worker.run(ThreadPoolExecutor.java:603)
	at org.apache.tomcat.util.threads.TaskThread$WrappingRunnable.run(TaskThread.java:61)
	at java.lang.Thread.run(Thread.java:722)

Oct 12, 2015 10:27:11 AM org.apache.catalina.core.StandardWrapperValve invoke
SEVERE: Servlet.service() for servlet [LibraryServlet] in context with path [] threw exception
javax.ejb.EJBException: The bean encountered a non-application exception; nested exception is: 
	<openjpa-2.4.0-nonfinal-1598334-r422266:1599166 nonfatal user error> org.apache.openjpa.persistence.ArgumentException: Invalid unbound variable "id" in query.
	at org.apache.openejb.core.ivm.BaseEjbProxyHandler.convertException(BaseEjbProxyHandler.java:408)
	at org.apache.openejb.core.ivm.BaseEjbProxyHandler.invoke(BaseEjbProxyHandler.java:312)
	at $Proxy93.removeBook(Unknown Source)
	at car.tp4.LibraryServlet.service(LibraryServlet.java:47)
	at javax.servlet.http.HttpServlet.service(HttpServlet.java:727)
	at org.apache.catalina.core.ApplicationFilterChain.internalDoFilter(ApplicationFilterChain.java:303)
	at org.apache.catalina.core.ApplicationFilterChain.doFilter(ApplicationFilterChain.java:208)
	at org.apache.tomcat.websocket.server.WsFilter.doFilter(WsFilter.java:52)
	at org.apache.catalina.core.ApplicationFilterChain.internalDoFilter(ApplicationFilterChain.java:241)
	at org.apache.catalina.core.ApplicationFilterChain.doFilter(ApplicationFilterChain.java:208)
	at org.apache.catalina.core.StandardWrapperValve.invoke(StandardWrapperValve.java:220)
	at org.apache.catalina.core.StandardContextValve.invoke(StandardContextValve.java:122)
	at org.apache.tomee.catalina.OpenEJBValve.invoke(OpenEJBValve.java:44)
	at org.apache.tomee.catalina.OpenEJBValve.invoke(OpenEJBValve.java:44)
	at org.apache.tomee.catalina.OpenEJBValve.invoke(OpenEJBValve.java:44)
	at org.apache.tomee.catalina.OpenEJBValve.invoke(OpenEJBValve.java:44)
	at org.apache.tomee.catalina.OpenEJBValve.invoke(OpenEJBValve.java:44)
	at org.apache.tomee.catalina.OpenEJBValve.invoke(OpenEJBValve.java:44)
	at org.apache.tomee.catalina.OpenEJBValve.invoke(OpenEJBValve.java:44)
	at org.apache.tomee.catalina.OpenEJBValve.invoke(OpenEJBValve.java:44)
	at org.apache.tomee.catalina.OpenEJBValve.invoke(OpenEJBValve.java:44)
	at org.apache.tomee.catalina.OpenEJBValve.invoke(OpenEJBValve.java:44)
	at org.apache.tomee.catalina.OpenEJBValve.invoke(OpenEJBValve.java:44)
	at org.apache.tomee.catalina.OpenEJBValve.invoke(OpenEJBValve.java:44)
	at org.apache.tomee.catalina.OpenEJBValve.invoke(OpenEJBValve.java:44)
	at org.apache.tomee.catalina.OpenEJBValve.invoke(OpenEJBValve.java:44)
	at org.apache.tomee.catalina.OpenEJBValve.invoke(OpenEJBValve.java:44)
	at org.apache.tomee.catalina.OpenEJBValve.invoke(OpenEJBValve.java:44)
	at org.apache.tomee.catalina.OpenEJBValve.invoke(OpenEJBValve.java:44)
	at org.apache.tomee.catalina.OpenEJBValve.invoke(OpenEJBValve.java:44)
	at org.apache.tomee.catalina.OpenEJBValve.invoke(OpenEJBValve.java:44)
	at org.apache.tomee.catalina.OpenEJBValve.invoke(OpenEJBValve.java:44)
	at org.apache.tomee.catalina.OpenEJBValve.invoke(OpenEJBValve.java:44)
	at org.apache.catalina.authenticator.AuthenticatorBase.invoke(AuthenticatorBase.java:501)
	at org.apache.catalina.core.StandardHostValve.invoke(StandardHostValve.java:171)
	at org.apache.catalina.valves.ErrorReportValve.invoke(ErrorReportValve.java:103)
	at org.apache.catalina.valves.AccessLogValve.invoke(AccessLogValve.java:950)
	at org.apache.catalina.core.StandardEngineValve.invoke(StandardEngineValve.java:116)
	at org.apache.catalina.connector.CoyoteAdapter.service(CoyoteAdapter.java:408)
	at org.apache.coyote.http11.AbstractHttp11Processor.process(AbstractHttp11Processor.java:1070)
	at org.apache.coyote.AbstractProtocol$AbstractConnectionHandler.process(AbstractProtocol.java:611)
	at org.apache.tomcat.util.net.JIoEndpoint$SocketProcessor.run(JIoEndpoint.java:316)
	at java.util.concurrent.ThreadPoolExecutor.runWorker(ThreadPoolExecutor.java:1110)
	at java.util.concurrent.ThreadPoolExecutor$Worker.run(ThreadPoolExecutor.java:603)
	at org.apache.tomcat.util.threads.TaskThread$WrappingRunnable.run(TaskThread.java:61)
	at java.lang.Thread.run(Thread.java:722)
Caused by: <openjpa-2.4.0-nonfinal-1598334-r422266:1599166 nonfatal user error> org.apache.openjpa.persistence.ArgumentException: Invalid unbound variable "id" in query.
	at org.apache.openjpa.kernel.QueryImpl.execute(QueryImpl.java:829)
	at org.apache.openjpa.kernel.QueryImpl.deleteAll(QueryImpl.java:888)
	at org.apache.openjpa.kernel.QueryImpl.deleteAll(QueryImpl.java:884)
	at org.apache.openjpa.kernel.DelegatingQuery.deleteAll(DelegatingQuery.java:558)
	at org.apache.openjpa.persistence.QueryImpl.executeUpdate(QueryImpl.java:368)
	at car.tp4.LibraryBean.removeBook(LibraryBean.java:33)
	at sun.reflect.NativeMethodAccessorImpl.invoke0(Native Method)
	at sun.reflect.NativeMethodAccessorImpl.invoke(NativeMethodAccessorImpl.java:57)
	at sun.reflect.DelegatingMethodAccessorImpl.invoke(DelegatingMethodAccessorImpl.java:43)
	at java.lang.reflect.Method.invoke(Method.java:601)
	at org.apache.openejb.core.interceptor.ReflectionInvocationContext$Invocation.invoke(ReflectionInvocationContext.java:192)
	at org.apache.openejb.core.interceptor.ReflectionInvocationContext.proceed(ReflectionInvocationContext.java:173)
	at org.apache.openejb.monitoring.StatsInterceptor.record(StatsInterceptor.java:181)
	at org.apache.openejb.monitoring.StatsInterceptor.invoke(StatsInterceptor.java:100)
	at sun.reflect.GeneratedMethodAccessor94.invoke(Unknown Source)
	at sun.reflect.DelegatingMethodAccessorImpl.invoke(DelegatingMethodAccessorImpl.java:43)
	at java.lang.reflect.Method.invoke(Method.java:601)
	at org.apache.openejb.core.interceptor.ReflectionInvocationContext$Invocation.invoke(ReflectionInvocationContext.java:192)
	at org.apache.openejb.core.interceptor.ReflectionInvocationContext.proceed(ReflectionInvocationContext.java:173)
	at org.apache.openejb.core.interceptor.InterceptorStack.invoke(InterceptorStack.java:85)
	at org.apache.openejb.core.stateless.StatelessContainer._invoke(StatelessContainer.java:227)
	at org.apache.openejb.core.stateless.StatelessContainer.invoke(StatelessContainer.java:194)
	at org.apache.openejb.core.ivm.EjbObjectProxyHandler.synchronizedBusinessMethod(EjbObjectProxyHandler.java:308)
	at org.apache.openejb.core.ivm.EjbObjectProxyHandler.businessMethod(EjbObjectProxyHandler.java:303)
	at org.apache.openejb.core.ivm.EjbObjectProxyHandler._invoke(EjbObjectProxyHandler.java:92)
	at org.apache.openejb.core.ivm.BaseEjbProxyHandler.invoke(BaseEjbProxyHandler.java:308)
	... 44 more
Caused by: java.lang.IllegalArgumentException: Invalid unbound variable "id" in query.
	at org.apache.openjpa.jdbc.kernel.exps.PCPath.initialize(PCPath.java:542)
	at org.apache.openjpa.jdbc.kernel.exps.CompareEqualExpression.initialize(CompareEqualExpression.java:88)
	at org.apache.openjpa.jdbc.kernel.exps.SelectConstructor.initialize(SelectConstructor.java:232)
	at org.apache.openjpa.jdbc.kernel.exps.SelectConstructor.newSelect(SelectConstructor.java:173)
	at org.apache.openjpa.jdbc.kernel.exps.SelectConstructor.evaluate(SelectConstructor.java:87)
	at org.apache.openjpa.jdbc.kernel.JDBCStoreQuery.executeBulkOperation(JDBCStoreQuery.java:545)
	at org.apache.openjpa.jdbc.kernel.JDBCStoreQuery.executeDelete(JDBCStoreQuery.java:491)
	at org.apache.openjpa.kernel.ExpressionStoreQuery$DataStoreExecutor.executeDelete(ExpressionStoreQuery.java:789)
	at org.apache.openjpa.kernel.QueryImpl.delete(QueryImpl.java:1025)
	at org.apache.openjpa.kernel.QueryImpl.execute(QueryImpl.java:822)
	... 69 more

Oct 12, 2015 10:28:03 AM org.apache.catalina.core.StandardWrapperValve invoke
SEVERE: Servlet.service() for servlet [LibraryServlet] in context with path [] threw exception
javax.ejb.EJBException: The bean encountered a non-application exception; nested exception is: 
	<openjpa-2.4.0-nonfinal-1598334-r422266:1599166 nonfatal user error> org.apache.openjpa.persistence.ArgumentException: Invalid unbound variable "id" in query.
	at org.apache.openejb.core.ivm.BaseEjbProxyHandler.convertException(BaseEjbProxyHandler.java:408)
	at org.apache.openejb.core.ivm.BaseEjbProxyHandler.invoke(BaseEjbProxyHandler.java:312)
	at $Proxy96.removeBook(Unknown Source)
	at car.tp4.LibraryServlet.service(LibraryServlet.java:47)
	at javax.servlet.http.HttpServlet.service(HttpServlet.java:727)
	at org.apache.catalina.core.ApplicationFilterChain.internalDoFilter(ApplicationFilterChain.java:303)
	at org.apache.catalina.core.ApplicationFilterChain.doFilter(ApplicationFilterChain.java:208)
	at org.apache.tomcat.websocket.server.WsFilter.doFilter(WsFilter.java:52)
	at org.apache.catalina.core.ApplicationFilterChain.internalDoFilter(ApplicationFilterChain.java:241)
	at org.apache.catalina.core.ApplicationFilterChain.doFilter(ApplicationFilterChain.java:208)
	at org.apache.catalina.core.StandardWrapperValve.invoke(StandardWrapperValve.java:220)
	at org.apache.catalina.core.StandardContextValve.invoke(StandardContextValve.java:122)
	at org.apache.tomee.catalina.OpenEJBValve.invoke(OpenEJBValve.java:44)
	at org.apache.tomee.catalina.OpenEJBValve.invoke(OpenEJBValve.java:44)
	at org.apache.tomee.catalina.OpenEJBValve.invoke(OpenEJBValve.java:44)
	at org.apache.tomee.catalina.OpenEJBValve.invoke(OpenEJBValve.java:44)
	at org.apache.tomee.catalina.OpenEJBValve.invoke(OpenEJBValve.java:44)
	at org.apache.tomee.catalina.OpenEJBValve.invoke(OpenEJBValve.java:44)
	at org.apache.tomee.catalina.OpenEJBValve.invoke(OpenEJBValve.java:44)
	at org.apache.tomee.catalina.OpenEJBValve.invoke(OpenEJBValve.java:44)
	at org.apache.tomee.catalina.OpenEJBValve.invoke(OpenEJBValve.java:44)
	at org.apache.tomee.catalina.OpenEJBValve.invoke(OpenEJBValve.java:44)
	at org.apache.tomee.catalina.OpenEJBValve.invoke(OpenEJBValve.java:44)
	at org.apache.tomee.catalina.OpenEJBValve.invoke(OpenEJBValve.java:44)
	at org.apache.tomee.catalina.OpenEJBValve.invoke(OpenEJBValve.java:44)
	at org.apache.tomee.catalina.OpenEJBValve.invoke(OpenEJBValve.java:44)
	at org.apache.tomee.catalina.OpenEJBValve.invoke(OpenEJBValve.java:44)
	at org.apache.tomee.catalina.OpenEJBValve.invoke(OpenEJBValve.java:44)
	at org.apache.tomee.catalina.OpenEJBValve.invoke(OpenEJBValve.java:44)
	at org.apache.tomee.catalina.OpenEJBValve.invoke(OpenEJBValve.java:44)
	at org.apache.tomee.catalina.OpenEJBValve.invoke(OpenEJBValve.java:44)
	at org.apache.tomee.catalina.OpenEJBValve.invoke(OpenEJBValve.java:44)
	at org.apache.tomee.catalina.OpenEJBValve.invoke(OpenEJBValve.java:44)
	at org.apache.tomee.catalina.OpenEJBValve.invoke(OpenEJBValve.java:44)
	at org.apache.catalina.authenticator.AuthenticatorBase.invoke(AuthenticatorBase.java:501)
	at org.apache.catalina.core.StandardHostValve.invoke(StandardHostValve.java:171)
	at org.apache.catalina.valves.ErrorReportValve.invoke(ErrorReportValve.java:103)
	at org.apache.catalina.valves.AccessLogValve.invoke(AccessLogValve.java:950)
	at org.apache.catalina.core.StandardEngineValve.invoke(StandardEngineValve.java:116)
	at org.apache.catalina.connector.CoyoteAdapter.service(CoyoteAdapter.java:408)
	at org.apache.coyote.http11.AbstractHttp11Processor.process(AbstractHttp11Processor.java:1070)
	at org.apache.coyote.AbstractProtocol$AbstractConnectionHandler.process(AbstractProtocol.java:611)
	at org.apache.tomcat.util.net.JIoEndpoint$SocketProcessor.run(JIoEndpoint.java:316)
	at java.util.concurrent.ThreadPoolExecutor.runWorker(ThreadPoolExecutor.java:1110)
	at java.util.concurrent.ThreadPoolExecutor$Worker.run(ThreadPoolExecutor.java:603)
	at org.apache.tomcat.util.threads.TaskThread$WrappingRunnable.run(TaskThread.java:61)
	at java.lang.Thread.run(Thread.java:722)
Caused by: <openjpa-2.4.0-nonfinal-1598334-r422266:1599166 nonfatal user error> org.apache.openjpa.persistence.ArgumentException: Invalid unbound variable "id" in query.
	at org.apache.openjpa.kernel.QueryImpl.execute(QueryImpl.java:829)
	at org.apache.openjpa.kernel.QueryImpl.deleteAll(QueryImpl.java:888)
	at org.apache.openjpa.kernel.QueryImpl.deleteAll(QueryImpl.java:884)
	at org.apache.openjpa.kernel.DelegatingQuery.deleteAll(DelegatingQuery.java:558)
	at org.apache.openjpa.persistence.QueryImpl.executeUpdate(QueryImpl.java:368)
	at car.tp4.LibraryBean.removeBook(LibraryBean.java:33)
	at sun.reflect.NativeMethodAccessorImpl.invoke0(Native Method)
	at sun.reflect.NativeMethodAccessorImpl.invoke(NativeMethodAccessorImpl.java:57)
	at sun.reflect.DelegatingMethodAccessorImpl.invoke(DelegatingMethodAccessorImpl.java:43)
	at java.lang.reflect.Method.invoke(Method.java:601)
	at org.apache.openejb.core.interceptor.ReflectionInvocationContext$Invocation.invoke(ReflectionInvocationContext.java:192)
	at org.apache.openejb.core.interceptor.ReflectionInvocationContext.proceed(ReflectionInvocationContext.java:173)
	at org.apache.openejb.monitoring.StatsInterceptor.record(StatsInterceptor.java:181)
	at org.apache.openejb.monitoring.StatsInterceptor.invoke(StatsInterceptor.java:100)
	at sun.reflect.GeneratedMethodAccessor94.invoke(Unknown Source)
	at sun.reflect.DelegatingMethodAccessorImpl.invoke(DelegatingMethodAccessorImpl.java:43)
	at java.lang.reflect.Method.invoke(Method.java:601)
	at org.apache.openejb.core.interceptor.ReflectionInvocationContext$Invocation.invoke(ReflectionInvocationContext.java:192)
	at org.apache.openejb.core.interceptor.ReflectionInvocationContext.proceed(ReflectionInvocationContext.java:173)
	at org.apache.openejb.core.interceptor.InterceptorStack.invoke(InterceptorStack.java:85)
	at org.apache.openejb.core.stateless.StatelessContainer._invoke(StatelessContainer.java:227)
	at org.apache.openejb.core.stateless.StatelessContainer.invoke(StatelessContainer.java:194)
	at org.apache.openejb.core.ivm.EjbObjectProxyHandler.synchronizedBusinessMethod(EjbObjectProxyHandler.java:308)
	at org.apache.openejb.core.ivm.EjbObjectProxyHandler.businessMethod(EjbObjectProxyHandler.java:303)
	at org.apache.openejb.core.ivm.EjbObjectProxyHandler._invoke(EjbObjectProxyHandler.java:92)
	at org.apache.openejb.core.ivm.BaseEjbProxyHandler.invoke(BaseEjbProxyHandler.java:308)
	... 45 more
Caused by: java.lang.IllegalArgumentException: Invalid unbound variable "id" in query.
	at org.apache.openjpa.jdbc.kernel.exps.PCPath.initialize(PCPath.java:542)
	at org.apache.openjpa.jdbc.kernel.exps.CompareEqualExpression.initialize(CompareEqualExpression.java:88)
	at org.apache.openjpa.jdbc.kernel.exps.SelectConstructor.initialize(SelectConstructor.java:232)
	at org.apache.openjpa.jdbc.kernel.exps.SelectConstructor.newSelect(SelectConstructor.java:173)
	at org.apache.openjpa.jdbc.kernel.exps.SelectConstructor.evaluate(SelectConstructor.java:87)
	at org.apache.openjpa.jdbc.kernel.JDBCStoreQuery.executeBulkOperation(JDBCStoreQuery.java:545)
	at org.apache.openjpa.jdbc.kernel.JDBCStoreQuery.executeDelete(JDBCStoreQuery.java:491)
	at org.apache.openjpa.kernel.ExpressionStoreQuery$DataStoreExecutor.executeDelete(ExpressionStoreQuery.java:789)
	at org.apache.openjpa.kernel.QueryImpl.delete(QueryImpl.java:1025)
	at org.apache.openjpa.kernel.QueryImpl.execute(QueryImpl.java:822)
	... 70 more

Oct 12, 2015 10:30:28 AM org.apache.catalina.core.StandardWrapperValve invoke
SEVERE: Servlet.service() for servlet [LibraryServlet] in context with path [] threw exception
javax.ejb.EJBException: The bean encountered a non-application exception; nested exception is: 
	<openjpa-2.4.0-nonfinal-1598334-r422266:1599166 nonfatal user error> org.apache.openjpa.persistence.ArgumentException: Invalid unbound variable "id" in query.
	at org.apache.openejb.core.ivm.BaseEjbProxyHandler.convertException(BaseEjbProxyHandler.java:408)
	at org.apache.openejb.core.ivm.BaseEjbProxyHandler.invoke(BaseEjbProxyHandler.java:312)
	at $Proxy99.removeBook(Unknown Source)
	at car.tp4.LibraryServlet.service(LibraryServlet.java:47)
	at javax.servlet.http.HttpServlet.service(HttpServlet.java:727)
	at org.apache.catalina.core.ApplicationFilterChain.internalDoFilter(ApplicationFilterChain.java:303)
	at org.apache.catalina.core.ApplicationFilterChain.doFilter(ApplicationFilterChain.java:208)
	at org.apache.tomcat.websocket.server.WsFilter.doFilter(WsFilter.java:52)
	at org.apache.catalina.core.ApplicationFilterChain.internalDoFilter(ApplicationFilterChain.java:241)
	at org.apache.catalina.core.ApplicationFilterChain.doFilter(ApplicationFilterChain.java:208)
	at org.apache.catalina.core.StandardWrapperValve.invoke(StandardWrapperValve.java:220)
	at org.apache.catalina.core.StandardContextValve.invoke(StandardContextValve.java:122)
	at org.apache.tomee.catalina.OpenEJBValve.invoke(OpenEJBValve.java:44)
	at org.apache.tomee.catalina.OpenEJBValve.invoke(OpenEJBValve.java:44)
	at org.apache.tomee.catalina.OpenEJBValve.invoke(OpenEJBValve.java:44)
	at org.apache.tomee.catalina.OpenEJBValve.invoke(OpenEJBValve.java:44)
	at org.apache.tomee.catalina.OpenEJBValve.invoke(OpenEJBValve.java:44)
	at org.apache.tomee.catalina.OpenEJBValve.invoke(OpenEJBValve.java:44)
	at org.apache.tomee.catalina.OpenEJBValve.invoke(OpenEJBValve.java:44)
	at org.apache.tomee.catalina.OpenEJBValve.invoke(OpenEJBValve.java:44)
	at org.apache.tomee.catalina.OpenEJBValve.invoke(OpenEJBValve.java:44)
	at org.apache.tomee.catalina.OpenEJBValve.invoke(OpenEJBValve.java:44)
	at org.apache.tomee.catalina.OpenEJBValve.invoke(OpenEJBValve.java:44)
	at org.apache.tomee.catalina.OpenEJBValve.invoke(OpenEJBValve.java:44)
	at org.apache.tomee.catalina.OpenEJBValve.invoke(OpenEJBValve.java:44)
	at org.apache.tomee.catalina.OpenEJBValve.invoke(OpenEJBValve.java:44)
	at org.apache.tomee.catalina.OpenEJBValve.invoke(OpenEJBValve.java:44)
	at org.apache.tomee.catalina.OpenEJBValve.invoke(OpenEJBValve.java:44)
	at org.apache.tomee.catalina.OpenEJBValve.invoke(OpenEJBValve.java:44)
	at org.apache.tomee.catalina.OpenEJBValve.invoke(OpenEJBValve.java:44)
	at org.apache.tomee.catalina.OpenEJBValve.invoke(OpenEJBValve.java:44)
	at org.apache.tomee.catalina.OpenEJBValve.invoke(OpenEJBValve.java:44)
	at org.apache.tomee.catalina.OpenEJBValve.invoke(OpenEJBValve.java:44)
	at org.apache.tomee.catalina.OpenEJBValve.invoke(OpenEJBValve.java:44)
	at org.apache.tomee.catalina.OpenEJBValve.invoke(OpenEJBValve.java:44)
	at org.apache.catalina.authenticator.AuthenticatorBase.invoke(AuthenticatorBase.java:501)
	at org.apache.catalina.core.StandardHostValve.invoke(StandardHostValve.java:171)
	at org.apache.catalina.valves.ErrorReportValve.invoke(ErrorReportValve.java:103)
	at org.apache.catalina.valves.AccessLogValve.invoke(AccessLogValve.java:950)
	at org.apache.catalina.core.StandardEngineValve.invoke(StandardEngineValve.java:116)
	at org.apache.catalina.connector.CoyoteAdapter.service(CoyoteAdapter.java:408)
	at org.apache.coyote.http11.AbstractHttp11Processor.process(AbstractHttp11Processor.java:1070)
	at org.apache.coyote.AbstractProtocol$AbstractConnectionHandler.process(AbstractProtocol.java:611)
	at org.apache.tomcat.util.net.JIoEndpoint$SocketProcessor.run(JIoEndpoint.java:314)
	at java.util.concurrent.ThreadPoolExecutor.runWorker(ThreadPoolExecutor.java:1110)
	at java.util.concurrent.ThreadPoolExecutor$Worker.run(ThreadPoolExecutor.java:603)
	at org.apache.tomcat.util.threads.TaskThread$WrappingRunnable.run(TaskThread.java:61)
	at java.lang.Thread.run(Thread.java:722)
Caused by: <openjpa-2.4.0-nonfinal-1598334-r422266:1599166 nonfatal user error> org.apache.openjpa.persistence.ArgumentException: Invalid unbound variable "id" in query.
	at org.apache.openjpa.kernel.QueryImpl.execute(QueryImpl.java:829)
	at org.apache.openjpa.kernel.QueryImpl.deleteAll(QueryImpl.java:888)
	at org.apache.openjpa.kernel.QueryImpl.deleteAll(QueryImpl.java:884)
	at org.apache.openjpa.kernel.DelegatingQuery.deleteAll(DelegatingQuery.java:558)
	at org.apache.openjpa.persistence.QueryImpl.executeUpdate(QueryImpl.java:368)
	at car.tp4.LibraryBean.removeBook(LibraryBean.java:33)
	at sun.reflect.NativeMethodAccessorImpl.invoke0(Native Method)
	at sun.reflect.NativeMethodAccessorImpl.invoke(NativeMethodAccessorImpl.java:57)
	at sun.reflect.DelegatingMethodAccessorImpl.invoke(DelegatingMethodAccessorImpl.java:43)
	at java.lang.reflect.Method.invoke(Method.java:601)
	at org.apache.openejb.core.interceptor.ReflectionInvocationContext$Invocation.invoke(ReflectionInvocationContext.java:192)
	at org.apache.openejb.core.interceptor.ReflectionInvocationContext.proceed(ReflectionInvocationContext.java:173)
	at org.apache.openejb.monitoring.StatsInterceptor.record(StatsInterceptor.java:181)
	at org.apache.openejb.monitoring.StatsInterceptor.invoke(StatsInterceptor.java:100)
	at sun.reflect.GeneratedMethodAccessor94.invoke(Unknown Source)
	at sun.reflect.DelegatingMethodAccessorImpl.invoke(DelegatingMethodAccessorImpl.java:43)
	at java.lang.reflect.Method.invoke(Method.java:601)
	at org.apache.openejb.core.interceptor.ReflectionInvocationContext$Invocation.invoke(ReflectionInvocationContext.java:192)
	at org.apache.openejb.core.interceptor.ReflectionInvocationContext.proceed(ReflectionInvocationContext.java:173)
	at org.apache.openejb.core.interceptor.InterceptorStack.invoke(InterceptorStack.java:85)
	at org.apache.openejb.core.stateless.StatelessContainer._invoke(StatelessContainer.java:227)
	at org.apache.openejb.core.stateless.StatelessContainer.invoke(StatelessContainer.java:194)
	at org.apache.openejb.core.ivm.EjbObjectProxyHandler.synchronizedBusinessMethod(EjbObjectProxyHandler.java:308)
	at org.apache.openejb.core.ivm.EjbObjectProxyHandler.businessMethod(EjbObjectProxyHandler.java:303)
	at org.apache.openejb.core.ivm.EjbObjectProxyHandler._invoke(EjbObjectProxyHandler.java:92)
	at org.apache.openejb.core.ivm.BaseEjbProxyHandler.invoke(BaseEjbProxyHandler.java:308)
	... 46 more
Caused by: java.lang.IllegalArgumentException: Invalid unbound variable "id" in query.
	at org.apache.openjpa.jdbc.kernel.exps.PCPath.initialize(PCPath.java:542)
	at org.apache.openjpa.jdbc.kernel.exps.CompareEqualExpression.initialize(CompareEqualExpression.java:88)
	at org.apache.openjpa.jdbc.kernel.exps.SelectConstructor.initialize(SelectConstructor.java:232)
	at org.apache.openjpa.jdbc.kernel.exps.SelectConstructor.newSelect(SelectConstructor.java:173)
	at org.apache.openjpa.jdbc.kernel.exps.SelectConstructor.evaluate(SelectConstructor.java:87)
	at org.apache.openjpa.jdbc.kernel.JDBCStoreQuery.executeBulkOperation(JDBCStoreQuery.java:545)
	at org.apache.openjpa.jdbc.kernel.JDBCStoreQuery.executeDelete(JDBCStoreQuery.java:491)
	at org.apache.openjpa.kernel.ExpressionStoreQuery$DataStoreExecutor.executeDelete(ExpressionStoreQuery.java:789)
	at org.apache.openjpa.kernel.QueryImpl.delete(QueryImpl.java:1025)
	at org.apache.openjpa.kernel.QueryImpl.execute(QueryImpl.java:822)
	... 71 more

Oct 12, 2015 10:33:11 AM org.apache.catalina.core.StandardWrapperValve invoke
SEVERE: Servlet.service() for servlet [LibraryServlet] in context with path [] threw exception
javax.ejb.EJBException: The bean encountered a non-application exception; nested exception is: 
	<openjpa-2.4.0-nonfinal-1598334-r422266:1599166 nonfatal user error> org.apache.openjpa.persistence.ArgumentException: "Encountered "*" at character 8, but expected: ["(", "+", "-", ":", "?", "ABS", "AVG", "CASE", "COALESCE", "CONCAT", "COUNT", "CURRENT_DATE", "CURRENT_TIME", "CURRENT_TIMESTAMP", "DISTINCT", "ENTRY", "INDEX", "KEY", "LENGTH", "LOCATE", "LOWER", "MAX", "MIN", "MOD", "NEW", "NULLIF", "OBJECT", "SIZE", "SQRT", "SUBSTRING", "SUM", "TRIM", "TYPE", "UPPER", "VALUE", <BOOLEAN_LITERAL>, <DATE_LITERAL>, <DECIMAL_LITERAL>, <IDENTIFIER>, <INTEGER_LITERAL>, <STRING_LITERAL2>, <STRING_LITERAL>, <TIMESTAMP_LITERAL>, <TIME_LITERAL>]." while parsing JPQL "SELECT * FROM Book". See nested stack trace for original parse error.
	at org.apache.openejb.core.ivm.BaseEjbProxyHandler.convertException(BaseEjbProxyHandler.java:408)
	at org.apache.openejb.core.ivm.BaseEjbProxyHandler.invoke(BaseEjbProxyHandler.java:312)
	at $Proxy102.getAllBooks(Unknown Source)
	at car.tp4.LibraryServlet.service(LibraryServlet.java:74)
	at javax.servlet.http.HttpServlet.service(HttpServlet.java:727)
	at org.apache.catalina.core.ApplicationFilterChain.internalDoFilter(ApplicationFilterChain.java:303)
	at org.apache.catalina.core.ApplicationFilterChain.doFilter(ApplicationFilterChain.java:208)
	at org.apache.tomcat.websocket.server.WsFilter.doFilter(WsFilter.java:52)
	at org.apache.catalina.core.ApplicationFilterChain.internalDoFilter(ApplicationFilterChain.java:241)
	at org.apache.catalina.core.ApplicationFilterChain.doFilter(ApplicationFilterChain.java:208)
	at org.apache.catalina.core.StandardWrapperValve.invoke(StandardWrapperValve.java:220)
	at org.apache.catalina.core.StandardContextValve.invoke(StandardContextValve.java:122)
	at org.apache.tomee.catalina.OpenEJBValve.invoke(OpenEJBValve.java:44)
	at org.apache.tomee.catalina.OpenEJBValve.invoke(OpenEJBValve.java:44)
	at org.apache.tomee.catalina.OpenEJBValve.invoke(OpenEJBValve.java:44)
	at org.apache.tomee.catalina.OpenEJBValve.invoke(OpenEJBValve.java:44)
	at org.apache.tomee.catalina.OpenEJBValve.invoke(OpenEJBValve.java:44)
	at org.apache.tomee.catalina.OpenEJBValve.invoke(OpenEJBValve.java:44)
	at org.apache.tomee.catalina.OpenEJBValve.invoke(OpenEJBValve.java:44)
	at org.apache.tomee.catalina.OpenEJBValve.invoke(OpenEJBValve.java:44)
	at org.apache.tomee.catalina.OpenEJBValve.invoke(OpenEJBValve.java:44)
	at org.apache.tomee.catalina.OpenEJBValve.invoke(OpenEJBValve.java:44)
	at org.apache.tomee.catalina.OpenEJBValve.invoke(OpenEJBValve.java:44)
	at org.apache.tomee.catalina.OpenEJBValve.invoke(OpenEJBValve.java:44)
	at org.apache.tomee.catalina.OpenEJBValve.invoke(OpenEJBValve.java:44)
	at org.apache.tomee.catalina.OpenEJBValve.invoke(OpenEJBValve.java:44)
	at org.apache.tomee.catalina.OpenEJBValve.invoke(OpenEJBValve.java:44)
	at org.apache.tomee.catalina.OpenEJBValve.invoke(OpenEJBValve.java:44)
	at org.apache.tomee.catalina.OpenEJBValve.invoke(OpenEJBValve.java:44)
	at org.apache.tomee.catalina.OpenEJBValve.invoke(OpenEJBValve.java:44)
	at org.apache.tomee.catalina.OpenEJBValve.invoke(OpenEJBValve.java:44)
	at org.apache.tomee.catalina.OpenEJBValve.invoke(OpenEJBValve.java:44)
	at org.apache.tomee.catalina.OpenEJBValve.invoke(OpenEJBValve.java:44)
	at org.apache.tomee.catalina.OpenEJBValve.invoke(OpenEJBValve.java:44)
	at org.apache.tomee.catalina.OpenEJBValve.invoke(OpenEJBValve.java:44)
	at org.apache.tomee.catalina.OpenEJBValve.invoke(OpenEJBValve.java:44)
	at org.apache.catalina.authenticator.AuthenticatorBase.invoke(AuthenticatorBase.java:501)
	at org.apache.catalina.core.StandardHostValve.invoke(StandardHostValve.java:171)
	at org.apache.catalina.valves.ErrorReportValve.invoke(ErrorReportValve.java:103)
	at org.apache.catalina.valves.AccessLogValve.invoke(AccessLogValve.java:950)
	at org.apache.catalina.core.StandardEngineValve.invoke(StandardEngineValve.java:116)
	at org.apache.catalina.connector.CoyoteAdapter.service(CoyoteAdapter.java:408)
	at org.apache.coyote.http11.AbstractHttp11Processor.process(AbstractHttp11Processor.java:1070)
	at org.apache.coyote.AbstractProtocol$AbstractConnectionHandler.process(AbstractProtocol.java:611)
	at org.apache.tomcat.util.net.JIoEndpoint$SocketProcessor.run(JIoEndpoint.java:314)
	at java.util.concurrent.ThreadPoolExecutor.runWorker(ThreadPoolExecutor.java:1110)
	at java.util.concurrent.ThreadPoolExecutor$Worker.run(ThreadPoolExecutor.java:603)
	at org.apache.tomcat.util.threads.TaskThread$WrappingRunnable.run(TaskThread.java:61)
	at java.lang.Thread.run(Thread.java:722)
Caused by: <openjpa-2.4.0-nonfinal-1598334-r422266:1599166 nonfatal user error> org.apache.openjpa.persistence.ArgumentException: "Encountered "*" at character 8, but expected: ["(", "+", "-", ":", "?", "ABS", "AVG", "CASE", "COALESCE", "CONCAT", "COUNT", "CURRENT_DATE", "CURRENT_TIME", "CURRENT_TIMESTAMP", "DISTINCT", "ENTRY", "INDEX", "KEY", "LENGTH", "LOCATE", "LOWER", "MAX", "MIN", "MOD", "NEW", "NULLIF", "OBJECT", "SIZE", "SQRT", "SUBSTRING", "SUM", "TRIM", "TYPE", "UPPER", "VALUE", <BOOLEAN_LITERAL>, <DATE_LITERAL>, <DECIMAL_LITERAL>, <IDENTIFIER>, <INTEGER_LITERAL>, <STRING_LITERAL2>, <STRING_LITERAL>, <TIMESTAMP_LITERAL>, <TIME_LITERAL>]." while parsing JPQL "SELECT * FROM Book". See nested stack trace for original parse error.
	at org.apache.openjpa.kernel.jpql.JPQLParser.parse(JPQLParser.java:51)
	at org.apache.openjpa.kernel.ExpressionStoreQuery.newCompilation(ExpressionStoreQuery.java:154)
	at org.apache.openjpa.kernel.QueryImpl.newCompilation(QueryImpl.java:672)
	at org.apache.openjpa.kernel.QueryImpl.compilationFromCache(QueryImpl.java:654)
	at org.apache.openjpa.kernel.QueryImpl.compileForCompilation(QueryImpl.java:620)
	at org.apache.openjpa.kernel.QueryImpl.compileForExecutor(QueryImpl.java:682)
	at org.apache.openjpa.kernel.QueryImpl.compile(QueryImpl.java:589)
	at org.apache.openjpa.persistence.EntityManagerImpl.createQuery(EntityManagerImpl.java:997)
	at org.apache.openjpa.persistence.EntityManagerImpl.createQuery(EntityManagerImpl.java:979)
	at org.apache.openjpa.persistence.EntityManagerImpl.createQuery(EntityManagerImpl.java:102)
	at sun.reflect.GeneratedMethodAccessor110.invoke(Unknown Source)
	at sun.reflect.DelegatingMethodAccessorImpl.invoke(DelegatingMethodAccessorImpl.java:43)
	at java.lang.reflect.Method.invoke(Method.java:601)
	at org.apache.openejb.persistence.JtaEntityManager.createQuery(JtaEntityManager.java:338)
	at org.apache.openejb.persistence.JtaEntityManager.proxyIfNoTx(JtaEntityManager.java:326)
	at org.apache.openejb.persistence.JtaEntityManager.createQuery(JtaEntityManager.java:280)
	at car.tp4.LibraryBean.getAllBooks(LibraryBean.java:21)
	at sun.reflect.NativeMethodAccessorImpl.invoke0(Native Method)
	at sun.reflect.NativeMethodAccessorImpl.invoke(NativeMethodAccessorImpl.java:57)
	at sun.reflect.DelegatingMethodAccessorImpl.invoke(DelegatingMethodAccessorImpl.java:43)
	at java.lang.reflect.Method.invoke(Method.java:601)
	at org.apache.openejb.core.interceptor.ReflectionInvocationContext$Invocation.invoke(ReflectionInvocationContext.java:192)
	at org.apache.openejb.core.interceptor.ReflectionInvocationContext.proceed(ReflectionInvocationContext.java:173)
	at org.apache.openejb.monitoring.StatsInterceptor.record(StatsInterceptor.java:181)
	at org.apache.openejb.monitoring.StatsInterceptor.invoke(StatsInterceptor.java:100)
	at sun.reflect.GeneratedMethodAccessor94.invoke(Unknown Source)
	at sun.reflect.DelegatingMethodAccessorImpl.invoke(DelegatingMethodAccessorImpl.java:43)
	at java.lang.reflect.Method.invoke(Method.java:601)
	at org.apache.openejb.core.interceptor.ReflectionInvocationContext$Invocation.invoke(ReflectionInvocationContext.java:192)
	at org.apache.openejb.core.interceptor.ReflectionInvocationContext.proceed(ReflectionInvocationContext.java:173)
	at org.apache.openejb.core.interceptor.InterceptorStack.invoke(InterceptorStack.java:85)
	at org.apache.openejb.core.stateless.StatelessContainer._invoke(StatelessContainer.java:227)
	at org.apache.openejb.core.stateless.StatelessContainer.invoke(StatelessContainer.java:194)
	at org.apache.openejb.core.ivm.EjbObjectProxyHandler.synchronizedBusinessMethod(EjbObjectProxyHandler.java:308)
	at org.apache.openejb.core.ivm.EjbObjectProxyHandler.businessMethod(EjbObjectProxyHandler.java:303)
	at org.apache.openejb.core.ivm.EjbObjectProxyHandler._invoke(EjbObjectProxyHandler.java:92)
	at org.apache.openejb.core.ivm.BaseEjbProxyHandler.invoke(BaseEjbProxyHandler.java:308)
	... 47 more
Caused by: <openjpa-2.4.0-nonfinal-1598334-r422266:1599166 nonfatal user error> org.apache.openjpa.persistence.ArgumentException: Encountered "*" at character 8, but expected: ["(", "+", "-", ":", "?", "ABS", "AVG", "CASE", "COALESCE", "CONCAT", "COUNT", "CURRENT_DATE", "CURRENT_TIME", "CURRENT_TIMESTAMP", "DISTINCT", "ENTRY", "INDEX", "KEY", "LENGTH", "LOCATE", "LOWER", "MAX", "MIN", "MOD", "NEW", "NULLIF", "OBJECT", "SIZE", "SQRT", "SUBSTRING", "SUM", "TRIM", "TYPE", "UPPER", "VALUE", <BOOLEAN_LITERAL>, <DATE_LITERAL>, <DECIMAL_LITERAL>, <IDENTIFIER>, <INTEGER_LITERAL>, <STRING_LITERAL2>, <STRING_LITERAL>, <TIMESTAMP_LITERAL>, <TIME_LITERAL>].
	at org.apache.openjpa.kernel.jpql.JPQL.generateParseException(JPQL.java:13180)
	at org.apache.openjpa.kernel.jpql.JPQL.jj_consume_token(JPQL.java:13054)
	at org.apache.openjpa.kernel.jpql.JPQL.select_expression(JPQL.java:1001)
	at org.apache.openjpa.kernel.jpql.JPQL.select_expressions(JPQL.java:930)
	at org.apache.openjpa.kernel.jpql.JPQL.select_clause(JPQL.java:865)
	at org.apache.openjpa.kernel.jpql.JPQL.select_statement(JPQL.java:87)
	at org.apache.openjpa.kernel.jpql.JPQL.parseQuery(JPQL.java:63)
	at org.apache.openjpa.kernel.jpql.JPQLExpressionBuilder$ParsedJPQL.parse(JPQLExpressionBuilder.java:2412)
	at org.apache.openjpa.kernel.jpql.JPQLExpressionBuilder$ParsedJPQL.<init>(JPQLExpressionBuilder.java:2399)
	at org.apache.openjpa.kernel.jpql.JPQLParser.parse(JPQLParser.java:49)
	... 83 more

Oct 12, 2015 10:33:13 AM org.apache.catalina.core.StandardWrapperValve invoke
SEVERE: Servlet.service() for servlet [LibraryServlet] in context with path [] threw exception
javax.ejb.EJBException: The bean encountered a non-application exception; nested exception is: 
	<openjpa-2.4.0-nonfinal-1598334-r422266:1599166 nonfatal user error> org.apache.openjpa.persistence.ArgumentException: "Encountered "*" at character 8, but expected: ["(", "+", "-", ":", "?", "ABS", "AVG", "CASE", "COALESCE", "CONCAT", "COUNT", "CURRENT_DATE", "CURRENT_TIME", "CURRENT_TIMESTAMP", "DISTINCT", "ENTRY", "INDEX", "KEY", "LENGTH", "LOCATE", "LOWER", "MAX", "MIN", "MOD", "NEW", "NULLIF", "OBJECT", "SIZE", "SQRT", "SUBSTRING", "SUM", "TRIM", "TYPE", "UPPER", "VALUE", <BOOLEAN_LITERAL>, <DATE_LITERAL>, <DECIMAL_LITERAL>, <IDENTIFIER>, <INTEGER_LITERAL>, <STRING_LITERAL2>, <STRING_LITERAL>, <TIMESTAMP_LITERAL>, <TIME_LITERAL>]." while parsing JPQL "SELECT * FROM Book". See nested stack trace for original parse error.
	at org.apache.openejb.core.ivm.BaseEjbProxyHandler.convertException(BaseEjbProxyHandler.java:408)
	at org.apache.openejb.core.ivm.BaseEjbProxyHandler.invoke(BaseEjbProxyHandler.java:312)
	at $Proxy102.getAllBooks(Unknown Source)
	at car.tp4.LibraryServlet.service(LibraryServlet.java:74)
	at javax.servlet.http.HttpServlet.service(HttpServlet.java:727)
	at org.apache.catalina.core.ApplicationFilterChain.internalDoFilter(ApplicationFilterChain.java:303)
	at org.apache.catalina.core.ApplicationFilterChain.doFilter(ApplicationFilterChain.java:208)
	at org.apache.tomcat.websocket.server.WsFilter.doFilter(WsFilter.java:52)
	at org.apache.catalina.core.ApplicationFilterChain.internalDoFilter(ApplicationFilterChain.java:241)
	at org.apache.catalina.core.ApplicationFilterChain.doFilter(ApplicationFilterChain.java:208)
	at org.apache.catalina.core.StandardWrapperValve.invoke(StandardWrapperValve.java:220)
	at org.apache.catalina.core.StandardContextValve.invoke(StandardContextValve.java:122)
	at org.apache.tomee.catalina.OpenEJBValve.invoke(OpenEJBValve.java:44)
	at org.apache.tomee.catalina.OpenEJBValve.invoke(OpenEJBValve.java:44)
	at org.apache.tomee.catalina.OpenEJBValve.invoke(OpenEJBValve.java:44)
	at org.apache.tomee.catalina.OpenEJBValve.invoke(OpenEJBValve.java:44)
	at org.apache.tomee.catalina.OpenEJBValve.invoke(OpenEJBValve.java:44)
	at org.apache.tomee.catalina.OpenEJBValve.invoke(OpenEJBValve.java:44)
	at org.apache.tomee.catalina.OpenEJBValve.invoke(OpenEJBValve.java:44)
	at org.apache.tomee.catalina.OpenEJBValve.invoke(OpenEJBValve.java:44)
	at org.apache.tomee.catalina.OpenEJBValve.invoke(OpenEJBValve.java:44)
	at org.apache.tomee.catalina.OpenEJBValve.invoke(OpenEJBValve.java:44)
	at org.apache.tomee.catalina.OpenEJBValve.invoke(OpenEJBValve.java:44)
	at org.apache.tomee.catalina.OpenEJBValve.invoke(OpenEJBValve.java:44)
	at org.apache.tomee.catalina.OpenEJBValve.invoke(OpenEJBValve.java:44)
	at org.apache.tomee.catalina.OpenEJBValve.invoke(OpenEJBValve.java:44)
	at org.apache.tomee.catalina.OpenEJBValve.invoke(OpenEJBValve.java:44)
	at org.apache.tomee.catalina.OpenEJBValve.invoke(OpenEJBValve.java:44)
	at org.apache.tomee.catalina.OpenEJBValve.invoke(OpenEJBValve.java:44)
	at org.apache.tomee.catalina.OpenEJBValve.invoke(OpenEJBValve.java:44)
	at org.apache.tomee.catalina.OpenEJBValve.invoke(OpenEJBValve.java:44)
	at org.apache.tomee.catalina.OpenEJBValve.invoke(OpenEJBValve.java:44)
	at org.apache.tomee.catalina.OpenEJBValve.invoke(OpenEJBValve.java:44)
	at org.apache.tomee.catalina.OpenEJBValve.invoke(OpenEJBValve.java:44)
	at org.apache.tomee.catalina.OpenEJBValve.invoke(OpenEJBValve.java:44)
	at org.apache.tomee.catalina.OpenEJBValve.invoke(OpenEJBValve.java:44)
	at org.apache.catalina.authenticator.AuthenticatorBase.invoke(AuthenticatorBase.java:501)
	at org.apache.catalina.core.StandardHostValve.invoke(StandardHostValve.java:171)
	at org.apache.catalina.valves.ErrorReportValve.invoke(ErrorReportValve.java:103)
	at org.apache.catalina.valves.AccessLogValve.invoke(AccessLogValve.java:950)
	at org.apache.catalina.core.StandardEngineValve.invoke(StandardEngineValve.java:116)
	at org.apache.catalina.connector.CoyoteAdapter.service(CoyoteAdapter.java:408)
	at org.apache.coyote.http11.AbstractHttp11Processor.process(AbstractHttp11Processor.java:1070)
	at org.apache.coyote.AbstractProtocol$AbstractConnectionHandler.process(AbstractProtocol.java:611)
	at org.apache.tomcat.util.net.JIoEndpoint$SocketProcessor.run(JIoEndpoint.java:314)
	at java.util.concurrent.ThreadPoolExecutor.runWorker(ThreadPoolExecutor.java:1110)
	at java.util.concurrent.ThreadPoolExecutor$Worker.run(ThreadPoolExecutor.java:603)
	at org.apache.tomcat.util.threads.TaskThread$WrappingRunnable.run(TaskThread.java:61)
	at java.lang.Thread.run(Thread.java:722)
Caused by: <openjpa-2.4.0-nonfinal-1598334-r422266:1599166 nonfatal user error> org.apache.openjpa.persistence.ArgumentException: "Encountered "*" at character 8, but expected: ["(", "+", "-", ":", "?", "ABS", "AVG", "CASE", "COALESCE", "CONCAT", "COUNT", "CURRENT_DATE", "CURRENT_TIME", "CURRENT_TIMESTAMP", "DISTINCT", "ENTRY", "INDEX", "KEY", "LENGTH", "LOCATE", "LOWER", "MAX", "MIN", "MOD", "NEW", "NULLIF", "OBJECT", "SIZE", "SQRT", "SUBSTRING", "SUM", "TRIM", "TYPE", "UPPER", "VALUE", <BOOLEAN_LITERAL>, <DATE_LITERAL>, <DECIMAL_LITERAL>, <IDENTIFIER>, <INTEGER_LITERAL>, <STRING_LITERAL2>, <STRING_LITERAL>, <TIMESTAMP_LITERAL>, <TIME_LITERAL>]." while parsing JPQL "SELECT * FROM Book". See nested stack trace for original parse error.
	at org.apache.openjpa.kernel.jpql.JPQLParser.parse(JPQLParser.java:51)
	at org.apache.openjpa.kernel.ExpressionStoreQuery.newCompilation(ExpressionStoreQuery.java:154)
	at org.apache.openjpa.kernel.QueryImpl.newCompilation(QueryImpl.java:672)
	at org.apache.openjpa.kernel.QueryImpl.compilationFromCache(QueryImpl.java:654)
	at org.apache.openjpa.kernel.QueryImpl.compileForCompilation(QueryImpl.java:620)
	at org.apache.openjpa.kernel.QueryImpl.compileForExecutor(QueryImpl.java:682)
	at org.apache.openjpa.kernel.QueryImpl.compile(QueryImpl.java:589)
	at org.apache.openjpa.persistence.EntityManagerImpl.createQuery(EntityManagerImpl.java:997)
	at org.apache.openjpa.persistence.EntityManagerImpl.createQuery(EntityManagerImpl.java:979)
	at org.apache.openjpa.persistence.EntityManagerImpl.createQuery(EntityManagerImpl.java:102)
	at sun.reflect.GeneratedMethodAccessor110.invoke(Unknown Source)
	at sun.reflect.DelegatingMethodAccessorImpl.invoke(DelegatingMethodAccessorImpl.java:43)
	at java.lang.reflect.Method.invoke(Method.java:601)
	at org.apache.openejb.persistence.JtaEntityManager.createQuery(JtaEntityManager.java:338)
	at org.apache.openejb.persistence.JtaEntityManager.proxyIfNoTx(JtaEntityManager.java:326)
	at org.apache.openejb.persistence.JtaEntityManager.createQuery(JtaEntityManager.java:280)
	at car.tp4.LibraryBean.getAllBooks(LibraryBean.java:21)
	at sun.reflect.NativeMethodAccessorImpl.invoke0(Native Method)
	at sun.reflect.NativeMethodAccessorImpl.invoke(NativeMethodAccessorImpl.java:57)
	at sun.reflect.DelegatingMethodAccessorImpl.invoke(DelegatingMethodAccessorImpl.java:43)
	at java.lang.reflect.Method.invoke(Method.java:601)
	at org.apache.openejb.core.interceptor.ReflectionInvocationContext$Invocation.invoke(ReflectionInvocationContext.java:192)
	at org.apache.openejb.core.interceptor.ReflectionInvocationContext.proceed(ReflectionInvocationContext.java:173)
	at org.apache.openejb.monitoring.StatsInterceptor.record(StatsInterceptor.java:181)
	at org.apache.openejb.monitoring.StatsInterceptor.invoke(StatsInterceptor.java:100)
	at sun.reflect.GeneratedMethodAccessor94.invoke(Unknown Source)
	at sun.reflect.DelegatingMethodAccessorImpl.invoke(DelegatingMethodAccessorImpl.java:43)
	at java.lang.reflect.Method.invoke(Method.java:601)
	at org.apache.openejb.core.interceptor.ReflectionInvocationContext$Invocation.invoke(ReflectionInvocationContext.java:192)
	at org.apache.openejb.core.interceptor.ReflectionInvocationContext.proceed(ReflectionInvocationContext.java:173)
	at org.apache.openejb.core.interceptor.InterceptorStack.invoke(InterceptorStack.java:85)
	at org.apache.openejb.core.stateless.StatelessContainer._invoke(StatelessContainer.java:227)
	at org.apache.openejb.core.stateless.StatelessContainer.invoke(StatelessContainer.java:194)
	at org.apache.openejb.core.ivm.EjbObjectProxyHandler.synchronizedBusinessMethod(EjbObjectProxyHandler.java:308)
	at org.apache.openejb.core.ivm.EjbObjectProxyHandler.businessMethod(EjbObjectProxyHandler.java:303)
	at org.apache.openejb.core.ivm.EjbObjectProxyHandler._invoke(EjbObjectProxyHandler.java:92)
	at org.apache.openejb.core.ivm.BaseEjbProxyHandler.invoke(BaseEjbProxyHandler.java:308)
	... 47 more
Caused by: <openjpa-2.4.0-nonfinal-1598334-r422266:1599166 nonfatal user error> org.apache.openjpa.persistence.ArgumentException: Encountered "*" at character 8, but expected: ["(", "+", "-", ":", "?", "ABS", "AVG", "CASE", "COALESCE", "CONCAT", "COUNT", "CURRENT_DATE", "CURRENT_TIME", "CURRENT_TIMESTAMP", "DISTINCT", "ENTRY", "INDEX", "KEY", "LENGTH", "LOCATE", "LOWER", "MAX", "MIN", "MOD", "NEW", "NULLIF", "OBJECT", "SIZE", "SQRT", "SUBSTRING", "SUM", "TRIM", "TYPE", "UPPER", "VALUE", <BOOLEAN_LITERAL>, <DATE_LITERAL>, <DECIMAL_LITERAL>, <IDENTIFIER>, <INTEGER_LITERAL>, <STRING_LITERAL2>, <STRING_LITERAL>, <TIMESTAMP_LITERAL>, <TIME_LITERAL>].
	at org.apache.openjpa.kernel.jpql.JPQL.generateParseException(JPQL.java:13180)
	at org.apache.openjpa.kernel.jpql.JPQL.jj_consume_token(JPQL.java:13054)
	at org.apache.openjpa.kernel.jpql.JPQL.select_expression(JPQL.java:1001)
	at org.apache.openjpa.kernel.jpql.JPQL.select_expressions(JPQL.java:930)
	at org.apache.openjpa.kernel.jpql.JPQL.select_clause(JPQL.java:865)
	at org.apache.openjpa.kernel.jpql.JPQL.select_statement(JPQL.java:87)
	at org.apache.openjpa.kernel.jpql.JPQL.parseQuery(JPQL.java:63)
	at org.apache.openjpa.kernel.jpql.JPQLExpressionBuilder$ParsedJPQL.parse(JPQLExpressionBuilder.java:2412)
	at org.apache.openjpa.kernel.jpql.JPQLExpressionBuilder$ParsedJPQL.<init>(JPQLExpressionBuilder.java:2399)
	at org.apache.openjpa.kernel.jpql.JPQLParser.parse(JPQLParser.java:49)
	... 83 more

Oct 12, 2015 10:33:31 AM org.apache.catalina.core.StandardWrapperValve invoke
SEVERE: Servlet.service() for servlet [LibraryServlet] in context with path [] threw exception
javax.ejb.EJBException: The bean encountered a non-application exception; nested exception is: 
	<openjpa-2.4.0-nonfinal-1598334-r422266:1599166 nonfatal user error> org.apache.openjpa.persistence.ArgumentException: "Encountered "*" at character 8, but expected: ["(", "+", "-", ":", "?", "ABS", "AVG", "CASE", "COALESCE", "CONCAT", "COUNT", "CURRENT_DATE", "CURRENT_TIME", "CURRENT_TIMESTAMP", "DISTINCT", "ENTRY", "INDEX", "KEY", "LENGTH", "LOCATE", "LOWER", "MAX", "MIN", "MOD", "NEW", "NULLIF", "OBJECT", "SIZE", "SQRT", "SUBSTRING", "SUM", "TRIM", "TYPE", "UPPER", "VALUE", <BOOLEAN_LITERAL>, <DATE_LITERAL>, <DECIMAL_LITERAL>, <IDENTIFIER>, <INTEGER_LITERAL>, <STRING_LITERAL2>, <STRING_LITERAL>, <TIMESTAMP_LITERAL>, <TIME_LITERAL>]." while parsing JPQL "SELECT * FROM Book". See nested stack trace for original parse error.
	at org.apache.openejb.core.ivm.BaseEjbProxyHandler.convertException(BaseEjbProxyHandler.java:408)
	at org.apache.openejb.core.ivm.BaseEjbProxyHandler.invoke(BaseEjbProxyHandler.java:312)
	at $Proxy102.getAllBooks(Unknown Source)
	at car.tp4.LibraryServlet.service(LibraryServlet.java:74)
	at javax.servlet.http.HttpServlet.service(HttpServlet.java:727)
	at org.apache.catalina.core.ApplicationFilterChain.internalDoFilter(ApplicationFilterChain.java:303)
	at org.apache.catalina.core.ApplicationFilterChain.doFilter(ApplicationFilterChain.java:208)
	at org.apache.tomcat.websocket.server.WsFilter.doFilter(WsFilter.java:52)
	at org.apache.catalina.core.ApplicationFilterChain.internalDoFilter(ApplicationFilterChain.java:241)
	at org.apache.catalina.core.ApplicationFilterChain.doFilter(ApplicationFilterChain.java:208)
	at org.apache.catalina.core.StandardWrapperValve.invoke(StandardWrapperValve.java:220)
	at org.apache.catalina.core.StandardContextValve.invoke(StandardContextValve.java:122)
	at org.apache.tomee.catalina.OpenEJBValve.invoke(OpenEJBValve.java:44)
	at org.apache.tomee.catalina.OpenEJBValve.invoke(OpenEJBValve.java:44)
	at org.apache.tomee.catalina.OpenEJBValve.invoke(OpenEJBValve.java:44)
	at org.apache.tomee.catalina.OpenEJBValve.invoke(OpenEJBValve.java:44)
	at org.apache.tomee.catalina.OpenEJBValve.invoke(OpenEJBValve.java:44)
	at org.apache.tomee.catalina.OpenEJBValve.invoke(OpenEJBValve.java:44)
	at org.apache.tomee.catalina.OpenEJBValve.invoke(OpenEJBValve.java:44)
	at org.apache.tomee.catalina.OpenEJBValve.invoke(OpenEJBValve.java:44)
	at org.apache.tomee.catalina.OpenEJBValve.invoke(OpenEJBValve.java:44)
	at org.apache.tomee.catalina.OpenEJBValve.invoke(OpenEJBValve.java:44)
	at org.apache.tomee.catalina.OpenEJBValve.invoke(OpenEJBValve.java:44)
	at org.apache.tomee.catalina.OpenEJBValve.invoke(OpenEJBValve.java:44)
	at org.apache.tomee.catalina.OpenEJBValve.invoke(OpenEJBValve.java:44)
	at org.apache.tomee.catalina.OpenEJBValve.invoke(OpenEJBValve.java:44)
	at org.apache.tomee.catalina.OpenEJBValve.invoke(OpenEJBValve.java:44)
	at org.apache.tomee.catalina.OpenEJBValve.invoke(OpenEJBValve.java:44)
	at org.apache.tomee.catalina.OpenEJBValve.invoke(OpenEJBValve.java:44)
	at org.apache.tomee.catalina.OpenEJBValve.invoke(OpenEJBValve.java:44)
	at org.apache.tomee.catalina.OpenEJBValve.invoke(OpenEJBValve.java:44)
	at org.apache.tomee.catalina.OpenEJBValve.invoke(OpenEJBValve.java:44)
	at org.apache.tomee.catalina.OpenEJBValve.invoke(OpenEJBValve.java:44)
	at org.apache.tomee.catalina.OpenEJBValve.invoke(OpenEJBValve.java:44)
	at org.apache.tomee.catalina.OpenEJBValve.invoke(OpenEJBValve.java:44)
	at org.apache.tomee.catalina.OpenEJBValve.invoke(OpenEJBValve.java:44)
	at org.apache.catalina.authenticator.AuthenticatorBase.invoke(AuthenticatorBase.java:501)
	at org.apache.catalina.core.StandardHostValve.invoke(StandardHostValve.java:171)
	at org.apache.catalina.valves.ErrorReportValve.invoke(ErrorReportValve.java:103)
	at org.apache.catalina.valves.AccessLogValve.invoke(AccessLogValve.java:950)
	at org.apache.catalina.core.StandardEngineValve.invoke(StandardEngineValve.java:116)
	at org.apache.catalina.connector.CoyoteAdapter.service(CoyoteAdapter.java:408)
	at org.apache.coyote.http11.AbstractHttp11Processor.process(AbstractHttp11Processor.java:1070)
	at org.apache.coyote.AbstractProtocol$AbstractConnectionHandler.process(AbstractProtocol.java:611)
	at org.apache.tomcat.util.net.JIoEndpoint$SocketProcessor.run(JIoEndpoint.java:314)
	at java.util.concurrent.ThreadPoolExecutor.runWorker(ThreadPoolExecutor.java:1110)
	at java.util.concurrent.ThreadPoolExecutor$Worker.run(ThreadPoolExecutor.java:603)
	at org.apache.tomcat.util.threads.TaskThread$WrappingRunnable.run(TaskThread.java:61)
	at java.lang.Thread.run(Thread.java:722)
Caused by: <openjpa-2.4.0-nonfinal-1598334-r422266:1599166 nonfatal user error> org.apache.openjpa.persistence.ArgumentException: "Encountered "*" at character 8, but expected: ["(", "+", "-", ":", "?", "ABS", "AVG", "CASE", "COALESCE", "CONCAT", "COUNT", "CURRENT_DATE", "CURRENT_TIME", "CURRENT_TIMESTAMP", "DISTINCT", "ENTRY", "INDEX", "KEY", "LENGTH", "LOCATE", "LOWER", "MAX", "MIN", "MOD", "NEW", "NULLIF", "OBJECT", "SIZE", "SQRT", "SUBSTRING", "SUM", "TRIM", "TYPE", "UPPER", "VALUE", <BOOLEAN_LITERAL>, <DATE_LITERAL>, <DECIMAL_LITERAL>, <IDENTIFIER>, <INTEGER_LITERAL>, <STRING_LITERAL2>, <STRING_LITERAL>, <TIMESTAMP_LITERAL>, <TIME_LITERAL>]." while parsing JPQL "SELECT * FROM Book". See nested stack trace for original parse error.
	at org.apache.openjpa.kernel.jpql.JPQLParser.parse(JPQLParser.java:51)
	at org.apache.openjpa.kernel.ExpressionStoreQuery.newCompilation(ExpressionStoreQuery.java:154)
	at org.apache.openjpa.kernel.QueryImpl.newCompilation(QueryImpl.java:672)
	at org.apache.openjpa.kernel.QueryImpl.compilationFromCache(QueryImpl.java:654)
	at org.apache.openjpa.kernel.QueryImpl.compileForCompilation(QueryImpl.java:620)
	at org.apache.openjpa.kernel.QueryImpl.compileForExecutor(QueryImpl.java:682)
	at org.apache.openjpa.kernel.QueryImpl.compile(QueryImpl.java:589)
	at org.apache.openjpa.persistence.EntityManagerImpl.createQuery(EntityManagerImpl.java:997)
	at org.apache.openjpa.persistence.EntityManagerImpl.createQuery(EntityManagerImpl.java:979)
	at org.apache.openjpa.persistence.EntityManagerImpl.createQuery(EntityManagerImpl.java:102)
	at sun.reflect.GeneratedMethodAccessor110.invoke(Unknown Source)
	at sun.reflect.DelegatingMethodAccessorImpl.invoke(DelegatingMethodAccessorImpl.java:43)
	at java.lang.reflect.Method.invoke(Method.java:601)
	at org.apache.openejb.persistence.JtaEntityManager.createQuery(JtaEntityManager.java:338)
	at org.apache.openejb.persistence.JtaEntityManager.proxyIfNoTx(JtaEntityManager.java:326)
	at org.apache.openejb.persistence.JtaEntityManager.createQuery(JtaEntityManager.java:280)
	at car.tp4.LibraryBean.getAllBooks(LibraryBean.java:21)
	at sun.reflect.NativeMethodAccessorImpl.invoke0(Native Method)
	at sun.reflect.NativeMethodAccessorImpl.invoke(NativeMethodAccessorImpl.java:57)
	at sun.reflect.DelegatingMethodAccessorImpl.invoke(DelegatingMethodAccessorImpl.java:43)
	at java.lang.reflect.Method.invoke(Method.java:601)
	at org.apache.openejb.core.interceptor.ReflectionInvocationContext$Invocation.invoke(ReflectionInvocationContext.java:192)
	at org.apache.openejb.core.interceptor.ReflectionInvocationContext.proceed(ReflectionInvocationContext.java:173)
	at org.apache.openejb.monitoring.StatsInterceptor.record(StatsInterceptor.java:181)
	at org.apache.openejb.monitoring.StatsInterceptor.invoke(StatsInterceptor.java:100)
	at sun.reflect.GeneratedMethodAccessor94.invoke(Unknown Source)
	at sun.reflect.DelegatingMethodAccessorImpl.invoke(DelegatingMethodAccessorImpl.java:43)
	at java.lang.reflect.Method.invoke(Method.java:601)
	at org.apache.openejb.core.interceptor.ReflectionInvocationContext$Invocation.invoke(ReflectionInvocationContext.java:192)
	at org.apache.openejb.core.interceptor.ReflectionInvocationContext.proceed(ReflectionInvocationContext.java:173)
	at org.apache.openejb.core.interceptor.InterceptorStack.invoke(InterceptorStack.java:85)
	at org.apache.openejb.core.stateless.StatelessContainer._invoke(StatelessContainer.java:227)
	at org.apache.openejb.core.stateless.StatelessContainer.invoke(StatelessContainer.java:194)
	at org.apache.openejb.core.ivm.EjbObjectProxyHandler.synchronizedBusinessMethod(EjbObjectProxyHandler.java:308)
	at org.apache.openejb.core.ivm.EjbObjectProxyHandler.businessMethod(EjbObjectProxyHandler.java:303)
	at org.apache.openejb.core.ivm.EjbObjectProxyHandler._invoke(EjbObjectProxyHandler.java:92)
	at org.apache.openejb.core.ivm.BaseEjbProxyHandler.invoke(BaseEjbProxyHandler.java:308)
	... 47 more
Caused by: <openjpa-2.4.0-nonfinal-1598334-r422266:1599166 nonfatal user error> org.apache.openjpa.persistence.ArgumentException: Encountered "*" at character 8, but expected: ["(", "+", "-", ":", "?", "ABS", "AVG", "CASE", "COALESCE", "CONCAT", "COUNT", "CURRENT_DATE", "CURRENT_TIME", "CURRENT_TIMESTAMP", "DISTINCT", "ENTRY", "INDEX", "KEY", "LENGTH", "LOCATE", "LOWER", "MAX", "MIN", "MOD", "NEW", "NULLIF", "OBJECT", "SIZE", "SQRT", "SUBSTRING", "SUM", "TRIM", "TYPE", "UPPER", "VALUE", <BOOLEAN_LITERAL>, <DATE_LITERAL>, <DECIMAL_LITERAL>, <IDENTIFIER>, <INTEGER_LITERAL>, <STRING_LITERAL2>, <STRING_LITERAL>, <TIMESTAMP_LITERAL>, <TIME_LITERAL>].
	at org.apache.openjpa.kernel.jpql.JPQL.generateParseException(JPQL.java:13180)
	at org.apache.openjpa.kernel.jpql.JPQL.jj_consume_token(JPQL.java:13054)
	at org.apache.openjpa.kernel.jpql.JPQL.select_expression(JPQL.java:1001)
	at org.apache.openjpa.kernel.jpql.JPQL.select_expressions(JPQL.java:930)
	at org.apache.openjpa.kernel.jpql.JPQL.select_clause(JPQL.java:865)
	at org.apache.openjpa.kernel.jpql.JPQL.select_statement(JPQL.java:87)
	at org.apache.openjpa.kernel.jpql.JPQL.parseQuery(JPQL.java:63)
	at org.apache.openjpa.kernel.jpql.JPQLExpressionBuilder$ParsedJPQL.parse(JPQLExpressionBuilder.java:2412)
	at org.apache.openjpa.kernel.jpql.JPQLExpressionBuilder$ParsedJPQL.<init>(JPQLExpressionBuilder.java:2399)
	at org.apache.openjpa.kernel.jpql.JPQLParser.parse(JPQLParser.java:49)
	... 83 more

Oct 12, 2015 10:40:33 AM org.apache.catalina.core.StandardWrapperValve invoke
SEVERE: Servlet.service() for servlet [LibraryServlet] in context with path [] threw exception
javax.ejb.EJBException: The bean encountered a non-application exception; nested exception is: 
	<openjpa-2.4.0-nonfinal-1598334-r422266:1599166 nonfatal user error> org.apache.openjpa.persistence.ArgumentException: Invalid unbound variable "id" in query.
	at org.apache.openejb.core.ivm.BaseEjbProxyHandler.convertException(BaseEjbProxyHandler.java:408)
	at org.apache.openejb.core.ivm.BaseEjbProxyHandler.invoke(BaseEjbProxyHandler.java:312)
	at $Proxy108.removeBook(Unknown Source)
	at car.tp4.LibraryServlet.service(LibraryServlet.java:47)
	at javax.servlet.http.HttpServlet.service(HttpServlet.java:727)
	at org.apache.catalina.core.ApplicationFilterChain.internalDoFilter(ApplicationFilterChain.java:303)
	at org.apache.catalina.core.ApplicationFilterChain.doFilter(ApplicationFilterChain.java:208)
	at org.apache.tomcat.websocket.server.WsFilter.doFilter(WsFilter.java:52)
	at org.apache.catalina.core.ApplicationFilterChain.internalDoFilter(ApplicationFilterChain.java:241)
	at org.apache.catalina.core.ApplicationFilterChain.doFilter(ApplicationFilterChain.java:208)
	at org.apache.catalina.core.StandardWrapperValve.invoke(StandardWrapperValve.java:220)
	at org.apache.catalina.core.StandardContextValve.invoke(StandardContextValve.java:122)
	at org.apache.tomee.catalina.OpenEJBValve.invoke(OpenEJBValve.java:44)
	at org.apache.tomee.catalina.OpenEJBValve.invoke(OpenEJBValve.java:44)
	at org.apache.tomee.catalina.OpenEJBValve.invoke(OpenEJBValve.java:44)
	at org.apache.tomee.catalina.OpenEJBValve.invoke(OpenEJBValve.java:44)
	at org.apache.tomee.catalina.OpenEJBValve.invoke(OpenEJBValve.java:44)
	at org.apache.tomee.catalina.OpenEJBValve.invoke(OpenEJBValve.java:44)
	at org.apache.tomee.catalina.OpenEJBValve.invoke(OpenEJBValve.java:44)
	at org.apache.tomee.catalina.OpenEJBValve.invoke(OpenEJBValve.java:44)
	at org.apache.tomee.catalina.OpenEJBValve.invoke(OpenEJBValve.java:44)
	at org.apache.tomee.catalina.OpenEJBValve.invoke(OpenEJBValve.java:44)
	at org.apache.tomee.catalina.OpenEJBValve.invoke(OpenEJBValve.java:44)
	at org.apache.tomee.catalina.OpenEJBValve.invoke(OpenEJBValve.java:44)
	at org.apache.tomee.catalina.OpenEJBValve.invoke(OpenEJBValve.java:44)
	at org.apache.tomee.catalina.OpenEJBValve.invoke(OpenEJBValve.java:44)
	at org.apache.tomee.catalina.OpenEJBValve.invoke(OpenEJBValve.java:44)
	at org.apache.tomee.catalina.OpenEJBValve.invoke(OpenEJBValve.java:44)
	at org.apache.tomee.catalina.OpenEJBValve.invoke(OpenEJBValve.java:44)
	at org.apache.tomee.catalina.OpenEJBValve.invoke(OpenEJBValve.java:44)
	at org.apache.tomee.catalina.OpenEJBValve.invoke(OpenEJBValve.java:44)
	at org.apache.tomee.catalina.OpenEJBValve.invoke(OpenEJBValve.java:44)
	at org.apache.tomee.catalina.OpenEJBValve.invoke(OpenEJBValve.java:44)
	at org.apache.tomee.catalina.OpenEJBValve.invoke(OpenEJBValve.java:44)
	at org.apache.tomee.catalina.OpenEJBValve.invoke(OpenEJBValve.java:44)
	at org.apache.tomee.catalina.OpenEJBValve.invoke(OpenEJBValve.java:44)
	at org.apache.tomee.catalina.OpenEJBValve.invoke(OpenEJBValve.java:44)
	at org.apache.tomee.catalina.OpenEJBValve.invoke(OpenEJBValve.java:44)
	at org.apache.catalina.authenticator.AuthenticatorBase.invoke(AuthenticatorBase.java:501)
	at org.apache.catalina.core.StandardHostValve.invoke(StandardHostValve.java:171)
	at org.apache.catalina.valves.ErrorReportValve.invoke(ErrorReportValve.java:103)
	at org.apache.catalina.valves.AccessLogValve.invoke(AccessLogValve.java:950)
	at org.apache.catalina.core.StandardEngineValve.invoke(StandardEngineValve.java:116)
	at org.apache.catalina.connector.CoyoteAdapter.service(CoyoteAdapter.java:408)
	at org.apache.coyote.http11.AbstractHttp11Processor.process(AbstractHttp11Processor.java:1070)
	at org.apache.coyote.AbstractProtocol$AbstractConnectionHandler.process(AbstractProtocol.java:611)
	at org.apache.tomcat.util.net.JIoEndpoint$SocketProcessor.run(JIoEndpoint.java:316)
	at java.util.concurrent.ThreadPoolExecutor.runWorker(ThreadPoolExecutor.java:1110)
	at java.util.concurrent.ThreadPoolExecutor$Worker.run(ThreadPoolExecutor.java:603)
	at org.apache.tomcat.util.threads.TaskThread$WrappingRunnable.run(TaskThread.java:61)
	at java.lang.Thread.run(Thread.java:722)
Caused by: <openjpa-2.4.0-nonfinal-1598334-r422266:1599166 nonfatal user error> org.apache.openjpa.persistence.ArgumentException: Invalid unbound variable "id" in query.
	at org.apache.openjpa.kernel.QueryImpl.execute(QueryImpl.java:829)
	at org.apache.openjpa.kernel.QueryImpl.deleteAll(QueryImpl.java:888)
	at org.apache.openjpa.kernel.QueryImpl.deleteAll(QueryImpl.java:884)
	at org.apache.openjpa.kernel.DelegatingQuery.deleteAll(DelegatingQuery.java:558)
	at org.apache.openjpa.persistence.QueryImpl.executeUpdate(QueryImpl.java:368)
	at car.tp4.LibraryBean.removeBook(LibraryBean.java:35)
	at sun.reflect.NativeMethodAccessorImpl.invoke0(Native Method)
	at sun.reflect.NativeMethodAccessorImpl.invoke(NativeMethodAccessorImpl.java:57)
	at sun.reflect.DelegatingMethodAccessorImpl.invoke(DelegatingMethodAccessorImpl.java:43)
	at java.lang.reflect.Method.invoke(Method.java:601)
	at org.apache.openejb.core.interceptor.ReflectionInvocationContext$Invocation.invoke(ReflectionInvocationContext.java:192)
	at org.apache.openejb.core.interceptor.ReflectionInvocationContext.proceed(ReflectionInvocationContext.java:173)
	at org.apache.openejb.monitoring.StatsInterceptor.record(StatsInterceptor.java:181)
	at org.apache.openejb.monitoring.StatsInterceptor.invoke(StatsInterceptor.java:100)
	at sun.reflect.GeneratedMethodAccessor94.invoke(Unknown Source)
	at sun.reflect.DelegatingMethodAccessorImpl.invoke(DelegatingMethodAccessorImpl.java:43)
	at java.lang.reflect.Method.invoke(Method.java:601)
	at org.apache.openejb.core.interceptor.ReflectionInvocationContext$Invocation.invoke(ReflectionInvocationContext.java:192)
	at org.apache.openejb.core.interceptor.ReflectionInvocationContext.proceed(ReflectionInvocationContext.java:173)
	at org.apache.openejb.core.interceptor.InterceptorStack.invoke(InterceptorStack.java:85)
	at org.apache.openejb.core.stateless.StatelessContainer._invoke(StatelessContainer.java:227)
	at org.apache.openejb.core.stateless.StatelessContainer.invoke(StatelessContainer.java:194)
	at org.apache.openejb.core.ivm.EjbObjectProxyHandler.synchronizedBusinessMethod(EjbObjectProxyHandler.java:308)
	at org.apache.openejb.core.ivm.EjbObjectProxyHandler.businessMethod(EjbObjectProxyHandler.java:303)
	at org.apache.openejb.core.ivm.EjbObjectProxyHandler._invoke(EjbObjectProxyHandler.java:92)
	at org.apache.openejb.core.ivm.BaseEjbProxyHandler.invoke(BaseEjbProxyHandler.java:308)
	... 49 more
Caused by: java.lang.IllegalArgumentException: Invalid unbound variable "id" in query.
	at org.apache.openjpa.jdbc.kernel.exps.PCPath.initialize(PCPath.java:542)
	at org.apache.openjpa.jdbc.kernel.exps.CompareEqualExpression.initialize(CompareEqualExpression.java:88)
	at org.apache.openjpa.jdbc.kernel.exps.SelectConstructor.initialize(SelectConstructor.java:232)
	at org.apache.openjpa.jdbc.kernel.exps.SelectConstructor.newSelect(SelectConstructor.java:173)
	at org.apache.openjpa.jdbc.kernel.exps.SelectConstructor.evaluate(SelectConstructor.java:87)
	at org.apache.openjpa.jdbc.kernel.JDBCStoreQuery.executeBulkOperation(JDBCStoreQuery.java:545)
	at org.apache.openjpa.jdbc.kernel.JDBCStoreQuery.executeDelete(JDBCStoreQuery.java:491)
	at org.apache.openjpa.kernel.ExpressionStoreQuery$DataStoreExecutor.executeDelete(ExpressionStoreQuery.java:789)
	at org.apache.openjpa.kernel.QueryImpl.delete(QueryImpl.java:1025)
	at org.apache.openjpa.kernel.QueryImpl.execute(QueryImpl.java:822)
	... 74 more

Oct 12, 2015 9:25:20 PM org.apache.catalina.core.StandardWrapperValve invoke
SEVERE: Servlet.service() for servlet [LibraryServlet] in context with path [] threw exception [Servlet execution threw an exception] with root cause
java.lang.Error: Unresolved compilation problem: 
	The method getYear() is undefined for the type Book

	at car.tp4.LibraryServlet.service(LibraryServlet.java:78)
	at javax.servlet.http.HttpServlet.service(HttpServlet.java:727)
	at org.apache.catalina.core.ApplicationFilterChain.internalDoFilter(ApplicationFilterChain.java:303)
	at org.apache.catalina.core.ApplicationFilterChain.doFilter(ApplicationFilterChain.java:208)
	at org.apache.tomcat.websocket.server.WsFilter.doFilter(WsFilter.java:52)
	at org.apache.catalina.core.ApplicationFilterChain.internalDoFilter(ApplicationFilterChain.java:241)
	at org.apache.catalina.core.ApplicationFilterChain.doFilter(ApplicationFilterChain.java:208)
	at org.apache.catalina.core.StandardWrapperValve.invoke(StandardWrapperValve.java:220)
	at org.apache.catalina.core.StandardContextValve.invoke(StandardContextValve.java:122)
	at org.apache.tomee.catalina.OpenEJBValve.invoke(OpenEJBValve.java:44)
	at org.apache.tomee.catalina.OpenEJBValve.invoke(OpenEJBValve.java:44)
	at org.apache.tomee.catalina.OpenEJBValve.invoke(OpenEJBValve.java:44)
	at org.apache.tomee.catalina.OpenEJBValve.invoke(OpenEJBValve.java:44)
	at org.apache.tomee.catalina.OpenEJBValve.invoke(OpenEJBValve.java:44)
	at org.apache.tomee.catalina.OpenEJBValve.invoke(OpenEJBValve.java:44)
	at org.apache.catalina.authenticator.AuthenticatorBase.invoke(AuthenticatorBase.java:501)
	at org.apache.catalina.core.StandardHostValve.invoke(StandardHostValve.java:171)
	at org.apache.catalina.valves.ErrorReportValve.invoke(ErrorReportValve.java:103)
	at org.apache.catalina.valves.AccessLogValve.invoke(AccessLogValve.java:950)
	at org.apache.catalina.core.StandardEngineValve.invoke(StandardEngineValve.java:116)
	at org.apache.catalina.connector.CoyoteAdapter.service(CoyoteAdapter.java:408)
	at org.apache.coyote.http11.AbstractHttp11Processor.process(AbstractHttp11Processor.java:1070)
	at org.apache.coyote.AbstractProtocol$AbstractConnectionHandler.process(AbstractProtocol.java:611)
	at org.apache.tomcat.util.net.JIoEndpoint$SocketProcessor.run(JIoEndpoint.java:316)
	at java.util.concurrent.ThreadPoolExecutor.runWorker(ThreadPoolExecutor.java:1110)
	at java.util.concurrent.ThreadPoolExecutor$Worker.run(ThreadPoolExecutor.java:603)
	at org.apache.tomcat.util.threads.TaskThread$WrappingRunnable.run(TaskThread.java:61)
	at java.lang.Thread.run(Thread.java:722)

