avr. 25, 2016 5:12:35 PM org.apache.catalina.core.ApplicationContext log
GRAVE: StandardWrapper.Throwable
java.lang.Error: Unresolved compilation problems: 
	The constructor Book(String, String, String) is undefined
	The constructor Book(String, String, String) is undefined
	The constructor Book(String, String, String) is undefined
	The method add(Livre) in the type ArrayList<Livre> is not applicable for the arguments (Book)
	The method add(Livre) in the type ArrayList<Livre> is not applicable for the arguments (Book)
	The method add(Livre) in the type ArrayList<Livre> is not applicable for the arguments (Book)

	at Bibliotheque.init(Bibliotheque.java:15)
	at StartupServlet.init(StartupServlet.java:14)
	at org.apache.catalina.core.StandardWrapper.initServlet(StandardWrapper.java:1284)
	at org.apache.catalina.core.StandardWrapper.loadServlet(StandardWrapper.java:1197)
	at org.apache.catalina.core.StandardWrapper.load(StandardWrapper.java:1087)
	at org.apache.catalina.core.StandardContext.loadOnStartup(StandardContext.java:5229)
	at org.apache.catalina.core.StandardContext.startInternal(StandardContext.java:5516)
	at org.apache.catalina.util.LifecycleBase.start(LifecycleBase.java:150)
	at org.apache.catalina.core.StandardContext.reload(StandardContext.java:4007)
	at org.apache.catalina.loader.WebappLoader.backgroundProcess(WebappLoader.java:425)
	at org.apache.tomee.catalina.ProvisioningWebappLoader.backgroundProcess(ProvisioningWebappLoader.java:59)
	at org.apache.tomee.catalina.LazyStopLoader.backgroundProcess(LazyStopLoader.java:105)
	at org.apache.catalina.core.ContainerBase.backgroundProcess(ContainerBase.java:1345)
	at org.apache.catalina.core.ContainerBase$ContainerBackgroundProcessor.processChildren(ContainerBase.java:1546)
	at org.apache.catalina.core.ContainerBase$ContainerBackgroundProcessor.processChildren(ContainerBase.java:1556)
	at org.apache.catalina.core.ContainerBase$ContainerBackgroundProcessor.processChildren(ContainerBase.java:1556)
	at org.apache.catalina.core.ContainerBase$ContainerBackgroundProcessor.run(ContainerBase.java:1524)
	at java.lang.Thread.run(Unknown Source)

avr. 25, 2016 5:12:35 PM org.apache.catalina.core.StandardContext loadOnStartup
GRAVE: La servlet  a généré une exception "load()"
java.lang.Error: Unresolved compilation problems: 
	The constructor Book(String, String, String) is undefined
	The constructor Book(String, String, String) is undefined
	The constructor Book(String, String, String) is undefined
	The method add(Livre) in the type ArrayList<Livre> is not applicable for the arguments (Book)
	The method add(Livre) in the type ArrayList<Livre> is not applicable for the arguments (Book)
	The method add(Livre) in the type ArrayList<Livre> is not applicable for the arguments (Book)

	at Bibliotheque.init(Bibliotheque.java:15)
	at StartupServlet.init(StartupServlet.java:14)
	at org.apache.catalina.core.StandardWrapper.initServlet(StandardWrapper.java:1284)
	at org.apache.catalina.core.StandardWrapper.loadServlet(StandardWrapper.java:1197)
	at org.apache.catalina.core.StandardWrapper.load(StandardWrapper.java:1087)
	at org.apache.catalina.core.StandardContext.loadOnStartup(StandardContext.java:5229)
	at org.apache.catalina.core.StandardContext.startInternal(StandardContext.java:5516)
	at org.apache.catalina.util.LifecycleBase.start(LifecycleBase.java:150)
	at org.apache.catalina.core.StandardContext.reload(StandardContext.java:4007)
	at org.apache.catalina.loader.WebappLoader.backgroundProcess(WebappLoader.java:425)
	at org.apache.tomee.catalina.ProvisioningWebappLoader.backgroundProcess(ProvisioningWebappLoader.java:59)
	at org.apache.tomee.catalina.LazyStopLoader.backgroundProcess(LazyStopLoader.java:105)
	at org.apache.catalina.core.ContainerBase.backgroundProcess(ContainerBase.java:1345)
	at org.apache.catalina.core.ContainerBase$ContainerBackgroundProcessor.processChildren(ContainerBase.java:1546)
	at org.apache.catalina.core.ContainerBase$ContainerBackgroundProcessor.processChildren(ContainerBase.java:1556)
	at org.apache.catalina.core.ContainerBase$ContainerBackgroundProcessor.processChildren(ContainerBase.java:1556)
	at org.apache.catalina.core.ContainerBase$ContainerBackgroundProcessor.run(ContainerBase.java:1524)
	at java.lang.Thread.run(Unknown Source)

avr. 25, 2016 5:24:08 PM org.apache.catalina.core.ApplicationContext log
GRAVE: StandardWrapper.Throwable
java.lang.Error: Unresolved compilation problems: 
	Livre cannot be resolved to a type
	Livre cannot be resolved to a type
	Livre cannot be resolved to a type
	Livre cannot be resolved to a type
	Livre cannot be resolved to a type
	Livre cannot be resolved to a type
	Livre cannot be resolved to a type
	The method getLivre(int) is undefined for the type Bibliotheque
	Livre cannot be resolved to a type
	Livre cannot be resolved to a type
	Livre cannot be resolved to a type
	Livre cannot be resolved to a type

	at Panier.<init>(Panier.java:14)
	at Panier.<clinit>(Panier.java)
	at StartupServlet.init(StartupServlet.java:17)
	at org.apache.catalina.core.StandardWrapper.initServlet(StandardWrapper.java:1284)
	at org.apache.catalina.core.StandardWrapper.loadServlet(StandardWrapper.java:1197)
	at org.apache.catalina.core.StandardWrapper.load(StandardWrapper.java:1087)
	at org.apache.catalina.core.StandardContext.loadOnStartup(StandardContext.java:5229)
	at org.apache.catalina.core.StandardContext.startInternal(StandardContext.java:5516)
	at org.apache.catalina.util.LifecycleBase.start(LifecycleBase.java:150)
	at org.apache.catalina.core.StandardContext.reload(StandardContext.java:4007)
	at org.apache.catalina.loader.WebappLoader.backgroundProcess(WebappLoader.java:425)
	at org.apache.tomee.catalina.ProvisioningWebappLoader.backgroundProcess(ProvisioningWebappLoader.java:59)
	at org.apache.tomee.catalina.LazyStopLoader.backgroundProcess(LazyStopLoader.java:105)
	at org.apache.catalina.core.ContainerBase.backgroundProcess(ContainerBase.java:1345)
	at org.apache.catalina.core.ContainerBase$ContainerBackgroundProcessor.processChildren(ContainerBase.java:1546)
	at org.apache.catalina.core.ContainerBase$ContainerBackgroundProcessor.processChildren(ContainerBase.java:1556)
	at org.apache.catalina.core.ContainerBase$ContainerBackgroundProcessor.processChildren(ContainerBase.java:1556)
	at org.apache.catalina.core.ContainerBase$ContainerBackgroundProcessor.run(ContainerBase.java:1524)
	at java.lang.Thread.run(Unknown Source)

avr. 25, 2016 5:24:08 PM org.apache.catalina.core.StandardContext loadOnStartup
GRAVE: La servlet  a généré une exception "load()"
java.lang.Error: Unresolved compilation problems: 
	Livre cannot be resolved to a type
	Livre cannot be resolved to a type
	Livre cannot be resolved to a type
	Livre cannot be resolved to a type
	Livre cannot be resolved to a type
	Livre cannot be resolved to a type
	Livre cannot be resolved to a type
	The method getLivre(int) is undefined for the type Bibliotheque
	Livre cannot be resolved to a type
	Livre cannot be resolved to a type
	Livre cannot be resolved to a type
	Livre cannot be resolved to a type

	at Panier.<init>(Panier.java:14)
	at Panier.<clinit>(Panier.java)
	at StartupServlet.init(StartupServlet.java:17)
	at org.apache.catalina.core.StandardWrapper.initServlet(StandardWrapper.java:1284)
	at org.apache.catalina.core.StandardWrapper.loadServlet(StandardWrapper.java:1197)
	at org.apache.catalina.core.StandardWrapper.load(StandardWrapper.java:1087)
	at org.apache.catalina.core.StandardContext.loadOnStartup(StandardContext.java:5229)
	at org.apache.catalina.core.StandardContext.startInternal(StandardContext.java:5516)
	at org.apache.catalina.util.LifecycleBase.start(LifecycleBase.java:150)
	at org.apache.catalina.core.StandardContext.reload(StandardContext.java:4007)
	at org.apache.catalina.loader.WebappLoader.backgroundProcess(WebappLoader.java:425)
	at org.apache.tomee.catalina.ProvisioningWebappLoader.backgroundProcess(ProvisioningWebappLoader.java:59)
	at org.apache.tomee.catalina.LazyStopLoader.backgroundProcess(LazyStopLoader.java:105)
	at org.apache.catalina.core.ContainerBase.backgroundProcess(ContainerBase.java:1345)
	at org.apache.catalina.core.ContainerBase$ContainerBackgroundProcessor.processChildren(ContainerBase.java:1546)
	at org.apache.catalina.core.ContainerBase$ContainerBackgroundProcessor.processChildren(ContainerBase.java:1556)
	at org.apache.catalina.core.ContainerBase$ContainerBackgroundProcessor.processChildren(ContainerBase.java:1556)
	at org.apache.catalina.core.ContainerBase$ContainerBackgroundProcessor.run(ContainerBase.java:1524)
	at java.lang.Thread.run(Unknown Source)

avr. 25, 2016 5:24:29 PM org.apache.catalina.core.ApplicationContext log
GRAVE: StandardWrapper.Throwable
java.lang.Error: Unresolved compilation problems: 
	Livre cannot be resolved to a type
	Livre cannot be resolved to a type
	Livre cannot be resolved to a type
	Livre cannot be resolved to a type
	Livre cannot be resolved to a type
	Livre cannot be resolved to a type
	Livre cannot be resolved to a type
	The method getLivre(int) is undefined for the type Library
	Livre cannot be resolved to a type
	Livre cannot be resolved to a type
	Livre cannot be resolved to a type
	Livre cannot be resolved to a type

	at Panier.<init>(Panier.java:14)
	at Panier.<clinit>(Panier.java)
	at StartupServlet.init(StartupServlet.java:17)
	at org.apache.catalina.core.StandardWrapper.initServlet(StandardWrapper.java:1284)
	at org.apache.catalina.core.StandardWrapper.loadServlet(StandardWrapper.java:1197)
	at org.apache.catalina.core.StandardWrapper.load(StandardWrapper.java:1087)
	at org.apache.catalina.core.StandardContext.loadOnStartup(StandardContext.java:5229)
	at org.apache.catalina.core.StandardContext.startInternal(StandardContext.java:5516)
	at org.apache.catalina.util.LifecycleBase.start(LifecycleBase.java:150)
	at org.apache.catalina.core.StandardContext.reload(StandardContext.java:4007)
	at org.apache.catalina.loader.WebappLoader.backgroundProcess(WebappLoader.java:425)
	at org.apache.tomee.catalina.ProvisioningWebappLoader.backgroundProcess(ProvisioningWebappLoader.java:59)
	at org.apache.tomee.catalina.LazyStopLoader.backgroundProcess(LazyStopLoader.java:105)
	at org.apache.catalina.core.ContainerBase.backgroundProcess(ContainerBase.java:1345)
	at org.apache.catalina.core.ContainerBase$ContainerBackgroundProcessor.processChildren(ContainerBase.java:1546)
	at org.apache.catalina.core.ContainerBase$ContainerBackgroundProcessor.processChildren(ContainerBase.java:1556)
	at org.apache.catalina.core.ContainerBase$ContainerBackgroundProcessor.processChildren(ContainerBase.java:1556)
	at org.apache.catalina.core.ContainerBase$ContainerBackgroundProcessor.run(ContainerBase.java:1524)
	at java.lang.Thread.run(Unknown Source)

avr. 25, 2016 5:24:29 PM org.apache.catalina.core.StandardContext loadOnStartup
GRAVE: La servlet  a généré une exception "load()"
java.lang.Error: Unresolved compilation problems: 
	Livre cannot be resolved to a type
	Livre cannot be resolved to a type
	Livre cannot be resolved to a type
	Livre cannot be resolved to a type
	Livre cannot be resolved to a type
	Livre cannot be resolved to a type
	Livre cannot be resolved to a type
	The method getLivre(int) is undefined for the type Library
	Livre cannot be resolved to a type
	Livre cannot be resolved to a type
	Livre cannot be resolved to a type
	Livre cannot be resolved to a type

	at Panier.<init>(Panier.java:14)
	at Panier.<clinit>(Panier.java)
	at StartupServlet.init(StartupServlet.java:17)
	at org.apache.catalina.core.StandardWrapper.initServlet(StandardWrapper.java:1284)
	at org.apache.catalina.core.StandardWrapper.loadServlet(StandardWrapper.java:1197)
	at org.apache.catalina.core.StandardWrapper.load(StandardWrapper.java:1087)
	at org.apache.catalina.core.StandardContext.loadOnStartup(StandardContext.java:5229)
	at org.apache.catalina.core.StandardContext.startInternal(StandardContext.java:5516)
	at org.apache.catalina.util.LifecycleBase.start(LifecycleBase.java:150)
	at org.apache.catalina.core.StandardContext.reload(StandardContext.java:4007)
	at org.apache.catalina.loader.WebappLoader.backgroundProcess(WebappLoader.java:425)
	at org.apache.tomee.catalina.ProvisioningWebappLoader.backgroundProcess(ProvisioningWebappLoader.java:59)
	at org.apache.tomee.catalina.LazyStopLoader.backgroundProcess(LazyStopLoader.java:105)
	at org.apache.catalina.core.ContainerBase.backgroundProcess(ContainerBase.java:1345)
	at org.apache.catalina.core.ContainerBase$ContainerBackgroundProcessor.processChildren(ContainerBase.java:1546)
	at org.apache.catalina.core.ContainerBase$ContainerBackgroundProcessor.processChildren(ContainerBase.java:1556)
	at org.apache.catalina.core.ContainerBase$ContainerBackgroundProcessor.processChildren(ContainerBase.java:1556)
	at org.apache.catalina.core.ContainerBase$ContainerBackgroundProcessor.run(ContainerBase.java:1524)
	at java.lang.Thread.run(Unknown Source)

avr. 25, 2016 5:24:39 PM org.apache.catalina.core.ApplicationContext log
GRAVE: StandardWrapper.Throwable
java.lang.Error: Unresolved compilation problems: 
	Livre cannot be resolved to a type
	Livre cannot be resolved to a type
	Livre cannot be resolved to a type
	Livre cannot be resolved to a type
	Livre cannot be resolved to a type
	Livre cannot be resolved to a type
	Livre cannot be resolved to a type
	The method getLivre(int) is undefined for the type Library
	Livre cannot be resolved to a type
	Livre cannot be resolved to a type
	Livre cannot be resolved to a type
	Livre cannot be resolved to a type

	at Panier.<init>(Panier.java:14)
	at Panier.<clinit>(Panier.java)
	at StartupServlet.init(StartupServlet.java:17)
	at org.apache.catalina.core.StandardWrapper.initServlet(StandardWrapper.java:1284)
	at org.apache.catalina.core.StandardWrapper.loadServlet(StandardWrapper.java:1197)
	at org.apache.catalina.core.StandardWrapper.load(StandardWrapper.java:1087)
	at org.apache.catalina.core.StandardContext.loadOnStartup(StandardContext.java:5229)
	at org.apache.catalina.core.StandardContext.startInternal(StandardContext.java:5516)
	at org.apache.catalina.util.LifecycleBase.start(LifecycleBase.java:150)
	at org.apache.catalina.core.StandardContext.reload(StandardContext.java:4007)
	at org.apache.catalina.loader.WebappLoader.backgroundProcess(WebappLoader.java:425)
	at org.apache.tomee.catalina.ProvisioningWebappLoader.backgroundProcess(ProvisioningWebappLoader.java:59)
	at org.apache.tomee.catalina.LazyStopLoader.backgroundProcess(LazyStopLoader.java:105)
	at org.apache.catalina.core.ContainerBase.backgroundProcess(ContainerBase.java:1345)
	at org.apache.catalina.core.ContainerBase$ContainerBackgroundProcessor.processChildren(ContainerBase.java:1546)
	at org.apache.catalina.core.ContainerBase$ContainerBackgroundProcessor.processChildren(ContainerBase.java:1556)
	at org.apache.catalina.core.ContainerBase$ContainerBackgroundProcessor.processChildren(ContainerBase.java:1556)
	at org.apache.catalina.core.ContainerBase$ContainerBackgroundProcessor.run(ContainerBase.java:1524)
	at java.lang.Thread.run(Unknown Source)

avr. 25, 2016 5:24:39 PM org.apache.catalina.core.StandardContext loadOnStartup
GRAVE: La servlet  a généré une exception "load()"
java.lang.Error: Unresolved compilation problems: 
	Livre cannot be resolved to a type
	Livre cannot be resolved to a type
	Livre cannot be resolved to a type
	Livre cannot be resolved to a type
	Livre cannot be resolved to a type
	Livre cannot be resolved to a type
	Livre cannot be resolved to a type
	The method getLivre(int) is undefined for the type Library
	Livre cannot be resolved to a type
	Livre cannot be resolved to a type
	Livre cannot be resolved to a type
	Livre cannot be resolved to a type

	at Panier.<init>(Panier.java:14)
	at Panier.<clinit>(Panier.java)
	at StartupServlet.init(StartupServlet.java:17)
	at org.apache.catalina.core.StandardWrapper.initServlet(StandardWrapper.java:1284)
	at org.apache.catalina.core.StandardWrapper.loadServlet(StandardWrapper.java:1197)
	at org.apache.catalina.core.StandardWrapper.load(StandardWrapper.java:1087)
	at org.apache.catalina.core.StandardContext.loadOnStartup(StandardContext.java:5229)
	at org.apache.catalina.core.StandardContext.startInternal(StandardContext.java:5516)
	at org.apache.catalina.util.LifecycleBase.start(LifecycleBase.java:150)
	at org.apache.catalina.core.StandardContext.reload(StandardContext.java:4007)
	at org.apache.catalina.loader.WebappLoader.backgroundProcess(WebappLoader.java:425)
	at org.apache.tomee.catalina.ProvisioningWebappLoader.backgroundProcess(ProvisioningWebappLoader.java:59)
	at org.apache.tomee.catalina.LazyStopLoader.backgroundProcess(LazyStopLoader.java:105)
	at org.apache.catalina.core.ContainerBase.backgroundProcess(ContainerBase.java:1345)
	at org.apache.catalina.core.ContainerBase$ContainerBackgroundProcessor.processChildren(ContainerBase.java:1546)
	at org.apache.catalina.core.ContainerBase$ContainerBackgroundProcessor.processChildren(ContainerBase.java:1556)
	at org.apache.catalina.core.ContainerBase$ContainerBackgroundProcessor.processChildren(ContainerBase.java:1556)
	at org.apache.catalina.core.ContainerBase$ContainerBackgroundProcessor.run(ContainerBase.java:1524)
	at java.lang.Thread.run(Unknown Source)

